INFO: [VRFC 10-2263] Analyzing Verilog file "C:/Users/willylin/Desktop/vivado_part/example/gpio_led/gpio_led/gpio_led.ip_user_files/bd/design_1/ip/design_1_clk_wiz_0_0/design_1_clk_wiz_0_0_clk_wiz.v" into library xil_defaultlib
INFO: [VRFC 10-311] analyzing module design_1_clk_wiz_0_0_clk_wiz
INFO: [VRFC 10-2263] Analyzing Verilog file "C:/Users/willylin/Desktop/vivado_part/example/gpio_led/gpio_led/gpio_led.ip_user_files/bd/design_1/ip/design_1_clk_wiz_0_0/design_1_clk_wiz_0_0.v" into library xil_defaultlib
INFO: [VRFC 10-311] analyzing module design_1_clk_wiz_0_0
INFO: [VRFC 10-2263] Analyzing Verilog file "C:/Users/willylin/Desktop/vivado_part/example/gpio_led/gpio_led/gpio_led.ip_user_files/bd/design_1/ip/design_1_v_axi4s_vid_out_0_0/sim/design_1_v_axi4s_vid_out_0_0.v" into library xil_defaultlib
INFO: [VRFC 10-311] analyzing module design_1_v_axi4s_vid_out_0_0
INFO: [VRFC 10-2263] Analyzing Verilog file "C:/Users/willylin/Desktop/vivado_part/example/gpio_led/gpio_led/gpio_led.ip_user_files/bd/design_1/ip/design_1_v_tpg_0_0/hdl/verilog/design_1_v_tpg_0_0_am_addmul_16ns_1s_16ns_17_4_1.v" into library xil_defaultlib
INFO: [VRFC 10-311] analyzing module design_1_v_tpg_0_0_am_addmul_16ns_1s_16ns_17_4_1_DSP48_0
INFO: [VRFC 10-311] analyzing module design_1_v_tpg_0_0_am_addmul_16ns_1s_16ns_17_4_1
INFO: [VRFC 10-2263] Analyzing Verilog file "C:/Users/willylin/Desktop/vivado_part/example/gpio_led/gpio_led/gpio_led.ip_user_files/bd/design_1/ip/design_1_v_tpg_0_0/hdl/verilog/design_1_v_tpg_0_0_CTRL_s_axi.v" into library xil_defaultlib
INFO: [VRFC 10-311] analyzing module design_1_v_tpg_0_0_CTRL_s_axi
INFO: [VRFC 10-2263] Analyzing Verilog file "C:/Users/willylin/Desktop/vivado_part/example/gpio_led/gpio_led/gpio_led.ip_user_files/bd/design_1/ip/design_1_v_tpg_0_0/hdl/verilog/design_1_v_tpg_0_0_entry_proc.v" into library xil_defaultlib
INFO: [VRFC 10-311] analyzing module design_1_v_tpg_0_0_entry_proc
INFO: [VRFC 10-2263] Analyzing Verilog file "C:/Users/willylin/Desktop/vivado_part/example/gpio_led/gpio_led/gpio_led.ip_user_files/bd/design_1/ip/design_1_v_tpg_0_0/hdl/verilog/design_1_v_tpg_0_0_fifo_w8_d2_S.v" into library xil_defaultlib
INFO: [VRFC 10-311] analyzing module design_1_v_tpg_0_0_fifo_w8_d2_S_shiftReg
INFO: [VRFC 10-311] analyzing module design_1_v_tpg_0_0_fifo_w8_d2_S
INFO: [VRFC 10-2263] Analyzing Verilog file "C:/Users/willylin/Desktop/vivado_part/example/gpio_led/gpio_led/gpio_led.ip_user_files/bd/design_1/ip/design_1_v_tpg_0_0/hdl/verilog/design_1_v_tpg_0_0_fifo_w16_d2_S.v" into library xil_defaultlib
INFO: [VRFC 10-311] analyzing module design_1_v_tpg_0_0_fifo_w16_d2_S_shiftReg
INFO: [VRFC 10-311] analyzing module design_1_v_tpg_0_0_fifo_w16_d2_S
INFO: [VRFC 10-2263] Analyzing Verilog file "C:/Users/willylin/Desktop/vivado_part/example/gpio_led/gpio_led/gpio_led.ip_user_files/bd/design_1/ip/design_1_v_tpg_0_0/hdl/verilog/design_1_v_tpg_0_0_fifo_w24_d16_S.v" into library xil_defaultlib
INFO: [VRFC 10-311] analyzing module design_1_v_tpg_0_0_fifo_w24_d16_S_shiftReg
INFO: [VRFC 10-311] analyzing module design_1_v_tpg_0_0_fifo_w24_d16_S
INFO: [VRFC 10-2263] Analyzing Verilog file "C:/Users/willylin/Desktop/vivado_part/example/gpio_led/gpio_led/gpio_led.ip_user_files/bd/design_1/ip/design_1_v_tpg_0_0/hdl/verilog/design_1_v_tpg_0_0_flow_control_loop_pipe_sequential_init.v" into library xil_defaultlib
INFO: [VRFC 10-311] analyzing module design_1_v_tpg_0_0_flow_control_loop_pipe_sequential_init
INFO: [VRFC 10-2263] Analyzing Verilog file "C:/Users/willylin/Desktop/vivado_part/example/gpio_led/gpio_led/gpio_led.ip_user_files/bd/design_1/ip/design_1_v_tpg_0_0/hdl/verilog/design_1_v_tpg_0_0_hls_deadlock_detection_unit.v" into library xil_defaultlib
INFO: [VRFC 10-311] analyzing module design_1_v_tpg_0_0_hls_deadlock_detect_unit
INFO: [VRFC 10-2263] Analyzing Verilog file "C:/Users/willylin/Desktop/vivado_part/example/gpio_led/gpio_led/gpio_led.ip_user_files/bd/design_1/ip/design_1_v_tpg_0_0/hdl/verilog/design_1_v_tpg_0_0_hls_deadlock_idx0_monitor.v" into library xil_defaultlib
INFO: [VRFC 10-311] analyzing module design_1_v_tpg_0_0_hls_deadlock_idx0_monitor
INFO: [VRFC 10-2263] Analyzing Verilog file "C:/Users/willylin/Desktop/vivado_part/example/gpio_led/gpio_led/gpio_led.ip_user_files/bd/design_1/ip/design_1_v_tpg_0_0/hdl/verilog/design_1_v_tpg_0_0_mac_muladd_8ns_6s_16s_16_4_1.v" into library xil_defaultlib
INFO: [VRFC 10-311] analyzing module design_1_v_tpg_0_0_mac_muladd_8ns_6s_16s_16_4_1_DSP48_7
INFO: [VRFC 10-311] analyzing module design_1_v_tpg_0_0_mac_muladd_8ns_6s_16s_16_4_1
INFO: [VRFC 10-2263] Analyzing Verilog file "C:/Users/willylin/Desktop/vivado_part/example/gpio_led/gpio_led/gpio_led.ip_user_files/bd/design_1/ip/design_1_v_tpg_0_0/hdl/verilog/design_1_v_tpg_0_0_mac_muladd_8ns_7ns_13ns_15_4_1.v" into library xil_defaultlib
INFO: [VRFC 10-311] analyzing module design_1_v_tpg_0_0_mac_muladd_8ns_7ns_13ns_15_4_1_DSP48_1
INFO: [VRFC 10-311] analyzing module design_1_v_tpg_0_0_mac_muladd_8ns_7ns_13ns_15_4_1
INFO: [VRFC 10-2263] Analyzing Verilog file "C:/Users/willylin/Desktop/vivado_part/example/gpio_led/gpio_led/gpio_led.ip_user_files/bd/design_1/ip/design_1_v_tpg_0_0/hdl/verilog/design_1_v_tpg_0_0_mac_muladd_8ns_7s_16s_16_4_1.v" into library xil_defaultlib
INFO: [VRFC 10-311] analyzing module design_1_v_tpg_0_0_mac_muladd_8ns_7s_16s_16_4_1_DSP48_5
INFO: [VRFC 10-311] analyzing module design_1_v_tpg_0_0_mac_muladd_8ns_7s_16s_16_4_1
INFO: [VRFC 10-2263] Analyzing Verilog file "C:/Users/willylin/Desktop/vivado_part/example/gpio_led/gpio_led/gpio_led.ip_user_files/bd/design_1/ip/design_1_v_tpg_0_0/hdl/verilog/design_1_v_tpg_0_0_mac_muladd_8ns_8ns_15ns_16_4_1.v" into library xil_defaultlib
INFO: [VRFC 10-311] analyzing module design_1_v_tpg_0_0_mac_muladd_8ns_8ns_15ns_16_4_1_DSP48_4
INFO: [VRFC 10-311] analyzing module design_1_v_tpg_0_0_mac_muladd_8ns_8ns_15ns_16_4_1
INFO: [VRFC 10-2263] Analyzing Verilog file "C:/Users/willylin/Desktop/vivado_part/example/gpio_led/gpio_led/gpio_led.ip_user_files/bd/design_1/ip/design_1_v_tpg_0_0/hdl/verilog/design_1_v_tpg_0_0_mac_muladd_8ns_8s_15ns_16_4_1.v" into library xil_defaultlib
INFO: [VRFC 10-311] analyzing module design_1_v_tpg_0_0_mac_muladd_8ns_8s_15ns_16_4_1_DSP48_3
INFO: [VRFC 10-311] analyzing module design_1_v_tpg_0_0_mac_muladd_8ns_8s_15ns_16_4_1
INFO: [VRFC 10-2263] Analyzing Verilog file "C:/Users/willylin/Desktop/vivado_part/example/gpio_led/gpio_led/gpio_led.ip_user_files/bd/design_1/ip/design_1_v_tpg_0_0/hdl/verilog/design_1_v_tpg_0_0_mac_muladd_8ns_8s_16s_16_4_1.v" into library xil_defaultlib
INFO: [VRFC 10-311] analyzing module design_1_v_tpg_0_0_mac_muladd_8ns_8s_16s_16_4_1_DSP48_2
INFO: [VRFC 10-311] analyzing module design_1_v_tpg_0_0_mac_muladd_8ns_8s_16s_16_4_1
INFO: [VRFC 10-2263] Analyzing Verilog file "C:/Users/willylin/Desktop/vivado_part/example/gpio_led/gpio_led/gpio_led.ip_user_files/bd/design_1/ip/design_1_v_tpg_0_0/hdl/verilog/design_1_v_tpg_0_0_mac_muladd_16s_16s_16ns_16_4_1.v" into library xil_defaultlib
INFO: [VRFC 10-311] analyzing module design_1_v_tpg_0_0_mac_muladd_16s_16s_16ns_16_4_1_DSP48_6
INFO: [VRFC 10-311] analyzing module design_1_v_tpg_0_0_mac_muladd_16s_16s_16ns_16_4_1
INFO: [VRFC 10-2263] Analyzing Verilog file "C:/Users/willylin/Desktop/vivado_part/example/gpio_led/gpio_led/gpio_led.ip_user_files/bd/design_1/ip/design_1_v_tpg_0_0/hdl/verilog/design_1_v_tpg_0_0_mul_8ns_6ns_13_1_1.v" into library xil_defaultlib
INFO: [VRFC 10-311] analyzing module design_1_v_tpg_0_0_mul_8ns_6ns_13_1_1
INFO: [VRFC 10-2263] Analyzing Verilog file "C:/Users/willylin/Desktop/vivado_part/example/gpio_led/gpio_led/gpio_led.ip_user_files/bd/design_1/ip/design_1_v_tpg_0_0/hdl/verilog/design_1_v_tpg_0_0_mul_mul_20s_8ns_28_4_1.v" into library xil_defaultlib
INFO: [VRFC 10-311] analyzing module design_1_v_tpg_0_0_mul_mul_20s_8ns_28_4_1_DSP48_8
INFO: [VRFC 10-311] analyzing module design_1_v_tpg_0_0_mul_mul_20s_8ns_28_4_1
INFO: [VRFC 10-2263] Analyzing Verilog file "C:/Users/willylin/Desktop/vivado_part/example/gpio_led/gpio_led/gpio_led.ip_user_files/bd/design_1/ip/design_1_v_tpg_0_0/hdl/verilog/design_1_v_tpg_0_0_MultiPixStream2AXIvideo.v" into library xil_defaultlib
INFO: [VRFC 10-311] analyzing module design_1_v_tpg_0_0_MultiPixStream2AXIvideo
INFO: [VRFC 10-2263] Analyzing Verilog file "C:/Users/willylin/Desktop/vivado_part/example/gpio_led/gpio_led/gpio_led.ip_user_files/bd/design_1/ip/design_1_v_tpg_0_0/hdl/verilog/design_1_v_tpg_0_0_MultiPixStream2AXIvideo_Pipeline_VITIS_LOOP_937_2.v" into library xil_defaultlib
INFO: [VRFC 10-311] analyzing module design_1_v_tpg_0_0_MultiPixStream2AXIvideo_Pipeline_VITIS_LOOP_937_2
INFO: [VRFC 10-2263] Analyzing Verilog file "C:/Users/willylin/Desktop/vivado_part/example/gpio_led/gpio_led/gpio_led.ip_user_files/bd/design_1/ip/design_1_v_tpg_0_0/hdl/verilog/design_1_v_tpg_0_0_reg_ap_uint_10_s.v" into library xil_defaultlib
INFO: [VRFC 10-311] analyzing module design_1_v_tpg_0_0_reg_ap_uint_10_s
INFO: [VRFC 10-2263] Analyzing Verilog file "C:/Users/willylin/Desktop/vivado_part/example/gpio_led/gpio_led/gpio_led.ip_user_files/bd/design_1/ip/design_1_v_tpg_0_0/hdl/verilog/design_1_v_tpg_0_0_reg_int_s.v" into library xil_defaultlib
INFO: [VRFC 10-311] analyzing module design_1_v_tpg_0_0_reg_int_s
INFO: [VRFC 10-2263] Analyzing Verilog file "C:/Users/willylin/Desktop/vivado_part/example/gpio_led/gpio_led/gpio_led.ip_user_files/bd/design_1/ip/design_1_v_tpg_0_0/hdl/verilog/design_1_v_tpg_0_0_reg_unsigned_short_s.v" into library xil_defaultlib
INFO: [VRFC 10-311] analyzing module design_1_v_tpg_0_0_reg_unsigned_short_s
INFO: [VRFC 10-2263] Analyzing Verilog file "C:/Users/willylin/Desktop/vivado_part/example/gpio_led/gpio_led/gpio_led.ip_user_files/bd/design_1/ip/design_1_v_tpg_0_0/hdl/verilog/design_1_v_tpg_0_0_regslice_both.v" into library xil_defaultlib
INFO: [VRFC 10-311] analyzing module design_1_v_tpg_0_0_regslice_both
INFO: [VRFC 10-311] analyzing module design_1_v_tpg_0_0_regslice_both_w1
INFO: [VRFC 10-2263] Analyzing Verilog file "C:/Users/willylin/Desktop/vivado_part/example/gpio_led/gpio_led/gpio_led.ip_user_files/bd/design_1/ip/design_1_v_tpg_0_0/hdl/verilog/design_1_v_tpg_0_0_tpgBackground.v" into library xil_defaultlib
INFO: [VRFC 10-311] analyzing module design_1_v_tpg_0_0_tpgBackground
INFO: [VRFC 10-2263] Analyzing Verilog file "C:/Users/willylin/Desktop/vivado_part/example/gpio_led/gpio_led/gpio_led.ip_user_files/bd/design_1/ip/design_1_v_tpg_0_0/hdl/verilog/design_1_v_tpg_0_0_tpgBackground_Pipeline_VITIS_LOOP_521_2.v" into library xil_defaultlib
INFO: [VRFC 10-311] analyzing module design_1_v_tpg_0_0_tpgBackground_Pipeline_VITIS_LOOP_521_2
INFO: [VRFC 10-2263] Analyzing Verilog file "C:/Users/willylin/Desktop/vivado_part/example/gpio_led/gpio_led/gpio_led.ip_user_files/bd/design_1/ip/design_1_v_tpg_0_0/hdl/verilog/design_1_v_tpg_0_0_tpgBackground_Pipeline_VITIS_LOOP_521_2_bluYuv.v" into library xil_defaultlib
INFO: [VRFC 10-311] analyzing module design_1_v_tpg_0_0_tpgBackground_Pipeline_VITIS_LOOP_521_2_bluYuv
INFO: [VRFC 10-2263] Analyzing Verilog file "C:/Users/willylin/Desktop/vivado_part/example/gpio_led/gpio_led/gpio_led.ip_user_files/bd/design_1/ip/design_1_v_tpg_0_0/hdl/verilog/design_1_v_tpg_0_0_tpgBackground_Pipeline_VITIS_LOOP_521_2_grnYuv.v" into library xil_defaultlib
INFO: [VRFC 10-311] analyzing module design_1_v_tpg_0_0_tpgBackground_Pipeline_VITIS_LOOP_521_2_grnYuv
INFO: [VRFC 10-2263] Analyzing Verilog file "C:/Users/willylin/Desktop/vivado_part/example/gpio_led/gpio_led/gpio_led.ip_user_files/bd/design_1/ip/design_1_v_tpg_0_0/hdl/verilog/design_1_v_tpg_0_0_tpgBackground_Pipeline_VITIS_LOOP_521_2_redYuv.v" into library xil_defaultlib
INFO: [VRFC 10-311] analyzing module design_1_v_tpg_0_0_tpgBackground_Pipeline_VITIS_LOOP_521_2_redYuv
INFO: [VRFC 10-2263] Analyzing Verilog file "C:/Users/willylin/Desktop/vivado_part/example/gpio_led/gpio_led/gpio_led.ip_user_files/bd/design_1/ip/design_1_v_tpg_0_0/hdl/verilog/design_1_v_tpg_0_0_tpgBackground_Pipeline_VITIS_LOOP_521_2_tpgSinTableArray.v" into library xil_defaultlib
INFO: [VRFC 10-311] analyzing module design_1_v_tpg_0_0_tpgBackground_Pipeline_VITIS_LOOP_521_2_tpgSinTableArray
INFO: [VRFC 10-2263] Analyzing Verilog file "C:/Users/willylin/Desktop/vivado_part/example/gpio_led/gpio_led/gpio_led.ip_user_files/bd/design_1/ip/design_1_v_tpg_0_0/hdl/verilog/design_1_v_tpg_0_0_tpgBackground_Pipeline_VITIS_LOOP_521_2_tpgSinTableArray_9bit.v" into library xil_defaultlib
INFO: [VRFC 10-311] analyzing module design_1_v_tpg_0_0_tpgBackground_Pipeline_VITIS_LOOP_521_2_tpgSinTableArray_9bit
INFO: [VRFC 10-2263] Analyzing Verilog file "C:/Users/willylin/Desktop/vivado_part/example/gpio_led/gpio_led/gpio_led.ip_user_files/bd/design_1/ip/design_1_v_tpg_0_0/hdl/verilog/design_1_v_tpg_0_0_tpgForeground.v" into library xil_defaultlib
INFO: [VRFC 10-311] analyzing module design_1_v_tpg_0_0_tpgForeground
INFO: [VRFC 10-2263] Analyzing Verilog file "C:/Users/willylin/Desktop/vivado_part/example/gpio_led/gpio_led/gpio_led.ip_user_files/bd/design_1/ip/design_1_v_tpg_0_0/hdl/verilog/design_1_v_tpg_0_0_tpgForeground_Pipeline_VITIS_LOOP_730_2.v" into library xil_defaultlib
INFO: [VRFC 10-311] analyzing module design_1_v_tpg_0_0_tpgForeground_Pipeline_VITIS_LOOP_730_2
INFO: [VRFC 10-2263] Analyzing Verilog file "C:/Users/willylin/Desktop/vivado_part/example/gpio_led/gpio_led/gpio_led.ip_user_files/bd/design_1/ip/design_1_v_tpg_0_0/hdl/verilog/design_1_v_tpg_0_0_tpgForeground_Pipeline_VITIS_LOOP_730_2_whiYuv_2.v" into library xil_defaultlib
INFO: [VRFC 10-311] analyzing module design_1_v_tpg_0_0_tpgForeground_Pipeline_VITIS_LOOP_730_2_whiYuv_2
INFO: [VRFC 10-2263] Analyzing Verilog file "C:/Users/willylin/Desktop/vivado_part/example/gpio_led/gpio_led/gpio_led.ip_user_files/bd/design_1/ip/design_1_v_tpg_0_0/hdl/verilog/design_1_v_tpg_0_0_tpgPatternCheckerBoard.v" into library xil_defaultlib
INFO: [VRFC 10-311] analyzing module design_1_v_tpg_0_0_tpgPatternCheckerBoard
INFO: [VRFC 10-2263] Analyzing Verilog file "C:/Users/willylin/Desktop/vivado_part/example/gpio_led/gpio_led/gpio_led.ip_user_files/bd/design_1/ip/design_1_v_tpg_0_0/hdl/verilog/design_1_v_tpg_0_0_tpgPatternCheckerBoard_tpgBarSelYuv_u22.v" into library xil_defaultlib
INFO: [VRFC 10-311] analyzing module design_1_v_tpg_0_0_tpgPatternCheckerBoard_tpgBarSelYuv_u22
INFO: [VRFC 10-2263] Analyzing Verilog file "C:/Users/willylin/Desktop/vivado_part/example/gpio_led/gpio_led/gpio_led.ip_user_files/bd/design_1/ip/design_1_v_tpg_0_0/hdl/verilog/design_1_v_tpg_0_0_tpgPatternCheckerBoard_tpgBarSelYuv_v24.v" into library xil_defaultlib
INFO: [VRFC 10-311] analyzing module design_1_v_tpg_0_0_tpgPatternCheckerBoard_tpgBarSelYuv_v24
INFO: [VRFC 10-2263] Analyzing Verilog file "C:/Users/willylin/Desktop/vivado_part/example/gpio_led/gpio_led/gpio_led.ip_user_files/bd/design_1/ip/design_1_v_tpg_0_0/hdl/verilog/design_1_v_tpg_0_0_tpgPatternCheckerBoard_tpgBarSelYuv_y26.v" into library xil_defaultlib
INFO: [VRFC 10-311] analyzing module design_1_v_tpg_0_0_tpgPatternCheckerBoard_tpgBarSelYuv_y26
INFO: [VRFC 10-2263] Analyzing Verilog file "C:/Users/willylin/Desktop/vivado_part/example/gpio_led/gpio_led/gpio_led.ip_user_files/bd/design_1/ip/design_1_v_tpg_0_0/hdl/verilog/design_1_v_tpg_0_0_tpgPatternCheckerBoard_tpgCheckerBoardArray.v" into library xil_defaultlib
INFO: [VRFC 10-311] analyzing module design_1_v_tpg_0_0_tpgPatternCheckerBoard_tpgCheckerBoardArray
INFO: [VRFC 10-2263] Analyzing Verilog file "C:/Users/willylin/Desktop/vivado_part/example/gpio_led/gpio_led/gpio_led.ip_user_files/bd/design_1/ip/design_1_v_tpg_0_0/hdl/verilog/design_1_v_tpg_0_0_tpgPatternCrossHatch.v" into library xil_defaultlib
INFO: [VRFC 10-311] analyzing module design_1_v_tpg_0_0_tpgPatternCrossHatch
INFO: [VRFC 10-2263] Analyzing Verilog file "C:/Users/willylin/Desktop/vivado_part/example/gpio_led/gpio_led/gpio_led.ip_user_files/bd/design_1/ip/design_1_v_tpg_0_0/hdl/verilog/design_1_v_tpg_0_0_tpgPatternCrossHatch_blkYuv_1.v" into library xil_defaultlib
INFO: [VRFC 10-311] analyzing module design_1_v_tpg_0_0_tpgPatternCrossHatch_blkYuv_1
INFO: [VRFC 10-2263] Analyzing Verilog file "C:/Users/willylin/Desktop/vivado_part/example/gpio_led/gpio_led/gpio_led.ip_user_files/bd/design_1/ip/design_1_v_tpg_0_0/hdl/verilog/design_1_v_tpg_0_0_tpgPatternCrossHatch_whiYuv_1.v" into library xil_defaultlib
INFO: [VRFC 10-311] analyzing module design_1_v_tpg_0_0_tpgPatternCrossHatch_whiYuv_1
INFO: [VRFC 10-2263] Analyzing Verilog file "C:/Users/willylin/Desktop/vivado_part/example/gpio_led/gpio_led/gpio_led.ip_user_files/bd/design_1/ip/design_1_v_tpg_0_0/hdl/verilog/design_1_v_tpg_0_0_tpgPatternDPColorSquare.v" into library xil_defaultlib
INFO: [VRFC 10-311] analyzing module design_1_v_tpg_0_0_tpgPatternDPColorSquare
INFO: [VRFC 10-2263] Analyzing Verilog file "C:/Users/willylin/Desktop/vivado_part/example/gpio_led/gpio_led/gpio_led.ip_user_files/bd/design_1/ip/design_1_v_tpg_0_0/hdl/verilog/design_1_v_tpg_0_0_tpgPatternDPColorSquare_DPtpgBarArray.v" into library xil_defaultlib
INFO: [VRFC 10-311] analyzing module design_1_v_tpg_0_0_tpgPatternDPColorSquare_DPtpgBarArray
INFO: [VRFC 10-2263] Analyzing Verilog file "C:/Users/willylin/Desktop/vivado_part/example/gpio_led/gpio_led/gpio_led.ip_user_files/bd/design_1/ip/design_1_v_tpg_0_0/hdl/verilog/design_1_v_tpg_0_0_tpgPatternDPColorSquare_DPtpgBarSelRgb_CEA_b.v" into library xil_defaultlib
INFO: [VRFC 10-311] analyzing module design_1_v_tpg_0_0_tpgPatternDPColorSquare_DPtpgBarSelRgb_CEA_b
INFO: [VRFC 10-2263] Analyzing Verilog file "C:/Users/willylin/Desktop/vivado_part/example/gpio_led/gpio_led/gpio_led.ip_user_files/bd/design_1/ip/design_1_v_tpg_0_0/hdl/verilog/design_1_v_tpg_0_0_tpgPatternDPColorSquare_DPtpgBarSelRgb_CEA_g.v" into library xil_defaultlib
INFO: [VRFC 10-311] analyzing module design_1_v_tpg_0_0_tpgPatternDPColorSquare_DPtpgBarSelRgb_CEA_g
INFO: [VRFC 10-2263] Analyzing Verilog file "C:/Users/willylin/Desktop/vivado_part/example/gpio_led/gpio_led/gpio_led.ip_user_files/bd/design_1/ip/design_1_v_tpg_0_0/hdl/verilog/design_1_v_tpg_0_0_tpgPatternDPColorSquare_DPtpgBarSelRgb_CEA_r.v" into library xil_defaultlib
INFO: [VRFC 10-311] analyzing module design_1_v_tpg_0_0_tpgPatternDPColorSquare_DPtpgBarSelRgb_CEA_r
INFO: [VRFC 10-2263] Analyzing Verilog file "C:/Users/willylin/Desktop/vivado_part/example/gpio_led/gpio_led/gpio_led.ip_user_files/bd/design_1/ip/design_1_v_tpg_0_0/hdl/verilog/design_1_v_tpg_0_0_tpgPatternDPColorSquare_DPtpgBarSelRgb_VESA_b.v" into library xil_defaultlib
INFO: [VRFC 10-311] analyzing module design_1_v_tpg_0_0_tpgPatternDPColorSquare_DPtpgBarSelRgb_VESA_b
INFO: [VRFC 10-2263] Analyzing Verilog file "C:/Users/willylin/Desktop/vivado_part/example/gpio_led/gpio_led/gpio_led.ip_user_files/bd/design_1/ip/design_1_v_tpg_0_0/hdl/verilog/design_1_v_tpg_0_0_tpgPatternDPColorSquare_DPtpgBarSelRgb_VESA_g.v" into library xil_defaultlib
INFO: [VRFC 10-311] analyzing module design_1_v_tpg_0_0_tpgPatternDPColorSquare_DPtpgBarSelRgb_VESA_g
INFO: [VRFC 10-2263] Analyzing Verilog file "C:/Users/willylin/Desktop/vivado_part/example/gpio_led/gpio_led/gpio_led.ip_user_files/bd/design_1/ip/design_1_v_tpg_0_0/hdl/verilog/design_1_v_tpg_0_0_tpgPatternDPColorSquare_DPtpgBarSelRgb_VESA_r.v" into library xil_defaultlib
INFO: [VRFC 10-311] analyzing module design_1_v_tpg_0_0_tpgPatternDPColorSquare_DPtpgBarSelRgb_VESA_r
INFO: [VRFC 10-2263] Analyzing Verilog file "C:/Users/willylin/Desktop/vivado_part/example/gpio_led/gpio_led/gpio_led.ip_user_files/bd/design_1/ip/design_1_v_tpg_0_0/hdl/verilog/design_1_v_tpg_0_0_tpgPatternDPColorSquare_DPtpgBarSelYuv_601_u.v" into library xil_defaultlib
INFO: [VRFC 10-311] analyzing module design_1_v_tpg_0_0_tpgPatternDPColorSquare_DPtpgBarSelYuv_601_u
INFO: [VRFC 10-2263] Analyzing Verilog file "C:/Users/willylin/Desktop/vivado_part/example/gpio_led/gpio_led/gpio_led.ip_user_files/bd/design_1/ip/design_1_v_tpg_0_0/hdl/verilog/design_1_v_tpg_0_0_tpgPatternDPColorSquare_DPtpgBarSelYuv_601_v.v" into library xil_defaultlib
INFO: [VRFC 10-311] analyzing module design_1_v_tpg_0_0_tpgPatternDPColorSquare_DPtpgBarSelYuv_601_v
INFO: [VRFC 10-2263] Analyzing Verilog file "C:/Users/willylin/Desktop/vivado_part/example/gpio_led/gpio_led/gpio_led.ip_user_files/bd/design_1/ip/design_1_v_tpg_0_0/hdl/verilog/design_1_v_tpg_0_0_tpgPatternDPColorSquare_DPtpgBarSelYuv_601_y.v" into library xil_defaultlib
INFO: [VRFC 10-311] analyzing module design_1_v_tpg_0_0_tpgPatternDPColorSquare_DPtpgBarSelYuv_601_y
INFO: [VRFC 10-2263] Analyzing Verilog file "C:/Users/willylin/Desktop/vivado_part/example/gpio_led/gpio_led/gpio_led.ip_user_files/bd/design_1/ip/design_1_v_tpg_0_0/hdl/verilog/design_1_v_tpg_0_0_tpgPatternDPColorSquare_DPtpgBarSelYuv_709_u.v" into library xil_defaultlib
INFO: [VRFC 10-311] analyzing module design_1_v_tpg_0_0_tpgPatternDPColorSquare_DPtpgBarSelYuv_709_u
INFO: [VRFC 10-2263] Analyzing Verilog file "C:/Users/willylin/Desktop/vivado_part/example/gpio_led/gpio_led/gpio_led.ip_user_files/bd/design_1/ip/design_1_v_tpg_0_0/hdl/verilog/design_1_v_tpg_0_0_tpgPatternDPColorSquare_DPtpgBarSelYuv_709_v.v" into library xil_defaultlib
INFO: [VRFC 10-311] analyzing module design_1_v_tpg_0_0_tpgPatternDPColorSquare_DPtpgBarSelYuv_709_v
INFO: [VRFC 10-2263] Analyzing Verilog file "C:/Users/willylin/Desktop/vivado_part/example/gpio_led/gpio_led/gpio_led.ip_user_files/bd/design_1/ip/design_1_v_tpg_0_0/hdl/verilog/design_1_v_tpg_0_0_tpgPatternDPColorSquare_DPtpgBarSelYuv_709_y.v" into library xil_defaultlib
INFO: [VRFC 10-311] analyzing module design_1_v_tpg_0_0_tpgPatternDPColorSquare_DPtpgBarSelYuv_709_y
INFO: [VRFC 10-2263] Analyzing Verilog file "C:/Users/willylin/Desktop/vivado_part/example/gpio_led/gpio_led/gpio_led.ip_user_files/bd/design_1/ip/design_1_v_tpg_0_0/hdl/verilog/design_1_v_tpg_0_0_tpgPatternTartanColorBars.v" into library xil_defaultlib
INFO: [VRFC 10-311] analyzing module design_1_v_tpg_0_0_tpgPatternTartanColorBars
INFO: [VRFC 10-2263] Analyzing Verilog file "C:/Users/willylin/Desktop/vivado_part/example/gpio_led/gpio_led/gpio_led.ip_user_files/bd/design_1/ip/design_1_v_tpg_0_0/hdl/verilog/design_1_v_tpg_0_0_tpgPatternTartanColorBars_tpgTartanBarArray.v" into library xil_defaultlib
INFO: [VRFC 10-311] analyzing module design_1_v_tpg_0_0_tpgPatternTartanColorBars_tpgTartanBarArray
INFO: [VRFC 10-2263] Analyzing Verilog file "C:/Users/willylin/Desktop/vivado_part/example/gpio_led/gpio_led/gpio_led.ip_user_files/bd/design_1/ip/design_1_v_tpg_0_0/hdl/verilog/design_1_v_tpg_0_0_v_tpgHlsDataFlow.v" into library xil_defaultlib
INFO: [VRFC 10-311] analyzing module design_1_v_tpg_0_0_v_tpgHlsDataFlow
INFO: [VRFC 10-2263] Analyzing Verilog file "C:/Users/willylin/Desktop/vivado_part/example/gpio_led/gpio_led/gpio_led.ip_user_files/bd/design_1/ip/design_1_v_tpg_0_0/hdl/verilog/design_1_v_tpg_0_0_v_tpg.v" into library xil_defaultlib
INFO: [VRFC 10-311] analyzing module design_1_v_tpg_0_0_v_tpg
INFO: [VRFC 10-2263] Analyzing Verilog file "C:/Users/willylin/Desktop/vivado_part/example/gpio_led/gpio_led/gpio_led.ip_user_files/bd/design_1/ip/design_1_v_tpg_0_0/sim/design_1_v_tpg_0_0.v" into library xil_defaultlib
INFO: [VRFC 10-311] analyzing module design_1_v_tpg_0_0
INFO: [VRFC 10-2263] Analyzing Verilog file "C:/Users/willylin/Desktop/vivado_part/example/gpio_led/gpio_led/gpio_led.ip_user_files/bd/design_1/ip/design_1_xlconcat_0_0/sim/design_1_xlconcat_0_0.v" into library xil_defaultlib
INFO: [VRFC 10-311] analyzing module design_1_xlconcat_0_0
INFO: [VRFC 10-2263] Analyzing Verilog file "C:/Users/willylin/Desktop/vivado_part/example/gpio_led/gpio_led/gpio_led.ip_user_files/bd/design_1/ip/design_1_xlconstant_2_0/sim/design_1_xlconstant_2_0.v" into library xil_defaultlib
INFO: [VRFC 10-311] analyzing module design_1_xlconstant_2_0
INFO: [VRFC 10-2263] Analyzing Verilog file "C:/Users/willylin/Desktop/vivado_part/example/gpio_led/gpio_led/gpio_led.ip_user_files/bd/design_1/ip/design_1_zynq_ultra_ps_e_0_0/sim/design_1_zynq_ultra_ps_e_0_0_vip_wrapper.v" into library xil_defaultlib
INFO: [VRFC 10-311] analyzing module design_1_zynq_ultra_ps_e_0_0
INFO: [VRFC 10-2458] undeclared symbol pl_clk1, assumed default net type wire [C:/Users/willylin/Desktop/vivado_part/example/gpio_led/gpio_led/gpio_led.ip_user_files/bd/design_1/ip/design_1_zynq_ultra_ps_e_0_0/sim/design_1_zynq_ultra_ps_e_0_0_vip_wrapper.v:198]
INFO: [VRFC 10-2458] undeclared symbol pl_clk2, assumed default net type wire [C:/Users/willylin/Desktop/vivado_part/example/gpio_led/gpio_led/gpio_led.ip_user_files/bd/design_1/ip/design_1_zynq_ultra_ps_e_0_0/sim/design_1_zynq_ultra_ps_e_0_0_vip_wrapper.v:200]
INFO: [VRFC 10-2458] undeclared symbol pl_clk3, assumed default net type wire [C:/Users/willylin/Desktop/vivado_part/example/gpio_led/gpio_led/gpio_led.ip_user_files/bd/design_1/ip/design_1_zynq_ultra_ps_e_0_0/sim/design_1_zynq_ultra_ps_e_0_0_vip_wrapper.v:202]
INFO: [VRFC 10-2263] Analyzing Verilog file "C:/Users/willylin/Desktop/vivado_part/example/gpio_led/gpio_led/gpio_led.ip_user_files/bd/design_1/ip/design_1_xlconstant_2_1/sim/design_1_xlconstant_2_1.v" into library xil_defaultlib
INFO: [VRFC 10-311] analyzing module design_1_xlconstant_2_1
INFO: [VRFC 10-2263] Analyzing Verilog file "C:/Users/willylin/Desktop/vivado_part/example/gpio_led/gpio_led/gpio_led.ip_user_files/bd/design_1/sim/design_1.v" into library xil_defaultlib
INFO: [VRFC 10-311] analyzing module design_1
INFO: [VRFC 10-311] analyzing module design_1_axi_interconnect_0_0
INFO: [VRFC 10-311] analyzing module s00_couplers_imp_O7FAN0
INFO: [VRFC 10-2263] Analyzing Verilog file "C:/Users/willylin/Desktop/vivado_part/example/gpio_led/gpio_led/gpio_led.ip_user_files/bd/design_1/ip/design_1_system_ila_0_0/bd_0/sim/bd_f60c.v" into library xil_defaultlib
INFO: [VRFC 10-311] analyzing module bd_f60c
INFO: [VRFC 10-2263] Analyzing Verilog file "C:/Users/willylin/Desktop/vivado_part/example/gpio_led/gpio_led/gpio_led.ip_user_files/bd/design_1/ip/design_1_system_ila_0_0/bd_0/ip/ip_0/sim/bd_f60c_ila_lib_0.v" into library xil_defaultlib
INFO: [VRFC 10-311] analyzing module bd_f60c_ila_lib_0
INFO: [VRFC 10-2263] Analyzing Verilog file "C:/Users/willylin/Desktop/vivado_part/example/gpio_led/gpio_led/gpio_led.ip_user_files/bd/design_1/ip/design_1_system_ila_0_0/sim/design_1_system_ila_0_0.v" into library xil_defaultlib
INFO: [VRFC 10-311] analyzing module design_1_system_ila_0_0
INFO: [VRFC 10-2263] Analyzing Verilog file "C:/Users/willylin/Desktop/vivado_part/example/gpio_led/gpio_led/gpio_led.ip_user_files/bd/design_1/ip/design_1_system_ila_1_1/bd_0/sim/bd_f69c.v" into library xil_defaultlib
INFO: [VRFC 10-311] analyzing module bd_f69c
INFO: [VRFC 10-2263] Analyzing Verilog file "C:/Users/willylin/Desktop/vivado_part/example/gpio_led/gpio_led/gpio_led.ip_user_files/bd/design_1/ip/design_1_system_ila_1_1/bd_0/ip/ip_0/sim/bd_f69c_ila_lib_0.v" into library xil_defaultlib
INFO: [VRFC 10-311] analyzing module bd_f69c_ila_lib_0
INFO: [VRFC 10-2263] Analyzing Verilog file "C:/Users/willylin/Desktop/vivado_part/example/gpio_led/gpio_led/gpio_led.ip_user_files/bd/design_1/ip/design_1_system_ila_1_1/bd_0/ip/ip_1/bd_f69c_g_inst_0_gigantic_mux.v" into library xil_defaultlib
INFO: [VRFC 10-311] analyzing module bd_f69c_g_inst_0_gigantic_mux
INFO: [VRFC 10-2263] Analyzing Verilog file "C:/Users/willylin/Desktop/vivado_part/example/gpio_led/gpio_led/gpio_led.ip_user_files/bd/design_1/ip/design_1_system_ila_1_1/bd_0/ip/ip_1/sim/bd_f69c_g_inst_0.v" into library xil_defaultlib
INFO: [VRFC 10-311] analyzing module bd_f69c_g_inst_0
INFO: [VRFC 10-2263] Analyzing Verilog file "C:/Users/willylin/Desktop/vivado_part/example/gpio_led/gpio_led/gpio_led.ip_user_files/bd/design_1/ip/design_1_system_ila_1_1/sim/design_1_system_ila_1_1.v" into library xil_defaultlib
INFO: [VRFC 10-311] analyzing module design_1_system_ila_1_1
INFO: [VRFC 10-2263] Analyzing Verilog file "C:/Users/willylin/Desktop/vivado_part/example/gpio_led/gpio_led/gpio_led.ip_user_files/bd/design_1/ip/design_1_system_ila_2_1/bd_0/sim/bd_f66c.v" into library xil_defaultlib
INFO: [VRFC 10-311] analyzing module bd_f66c
INFO: [VRFC 10-2263] Analyzing Verilog file "C:/Users/willylin/Desktop/vivado_part/example/gpio_led/gpio_led/gpio_led.ip_user_files/bd/design_1/ip/design_1_system_ila_2_1/bd_0/ip/ip_0/sim/bd_f66c_ila_lib_0.v" into library xil_defaultlib
INFO: [VRFC 10-311] analyzing module bd_f66c_ila_lib_0
INFO: [VRFC 10-2263] Analyzing Verilog file "C:/Users/willylin/Desktop/vivado_part/example/gpio_led/gpio_led/gpio_led.ip_user_files/bd/design_1/ip/design_1_system_ila_2_1/sim/design_1_system_ila_2_1.v" into library xil_defaultlib
INFO: [VRFC 10-311] analyzing module design_1_system_ila_2_1
INFO: [VRFC 10-2263] Analyzing Verilog file "C:/Users/willylin/Desktop/vivado_part/example/gpio_led/gpio_led/gpio_led.ip_user_files/bd/design_1/ip/design_1_auto_pc_0/sim/design_1_auto_pc_0.v" into library xil_defaultlib
INFO: [VRFC 10-311] analyzing module design_1_auto_pc_0
INFO: [VRFC 10-2263] Analyzing Verilog file "C:/Users/willylin/Desktop/dp_ver3/dp_ver3/dp-ver3.gen/sources_1/bd/design_1/hdl/design_1_wrapper.v" into library xil_defaultlib
INFO: [VRFC 10-311] analyzing module design_1_wrapper
