
*** Running vivado
    with args -log design_1_system_ila_1_1.vds -m64 -product Vivado -mode batch -messageDb vivado.pb -notrace -source design_1_system_ila_1_1.tcl



****** Vivado v2021.1 (64-bit)
  **** SW Build 3247384 on Thu Jun 10 19:36:33 MDT 2021
  **** IP Build 3246043 on Fri Jun 11 00:30:35 MDT 2021
    ** Copyright 1986-2021 Xilinx, Inc. All Rights Reserved.

source design_1_system_ila_1_1.tcl -notrace
INFO: [IP_Flow 19-234] Refreshing IP repositories
INFO: [IP_Flow 19-1700] Loaded user IP repository 'c:/Users/willylin/Desktop/vivado_part/my_design/dp21_vtm/ip'.
INFO: [IP_Flow 19-2313] Loaded Vivado IP repository 'D:/Xilinx/Vivado/2021.1/data/ip'.
update_ip_catalog: Time (s): cpu = 00:00:01 ; elapsed = 00:00:06 . Memory (MB): peak = 1302.750 ; gain = 0.000
WARNING: [IP_Flow 19-4995] The host OS only allows 260 characters in a normal path. The IP cache path is more than 80 characters. If you experience issues with IP caching, please consider changing the IP cache to a location with a shorter path. Alternately consider using the OS subst command to map part of the path to a drive letter. 
Current IP cache path is c:/Users/willylin/Desktop/vivado_part/example/gpio_led/gpio_led/gpio_led.cache/ip 
Command: synth_design -top design_1_system_ila_1_1 -part xczu7ev-ffvc1156-2-e -mode out_of_context
Starting synth_design
Attempting to get a license for feature 'Synthesis' and/or device 'xczu7ev'
INFO: [Common 17-349] Got license for feature 'Synthesis' and/or device 'xczu7ev'
INFO: [Device 21-403] Loading part xczu7ev-ffvc1156-2-e
INFO: [Synth 8-7079] Multithreading enabled for synth_design using a maximum of 2 processes.
INFO: [Synth 8-7078] Launching helper process for spawning children vivado processes
INFO: [Synth 8-7075] Helper process launched with PID 308
---------------------------------------------------------------------------------
Starting RTL Elaboration : Time (s): cpu = 00:00:11 ; elapsed = 00:00:12 . Memory (MB): peak = 1888.652 ; gain = 146.020
---------------------------------------------------------------------------------
INFO: [Synth 8-6157] synthesizing module 'design_1_system_ila_1_1' [c:/Users/willylin/Desktop/dp_ver3/dp_ver3/dp-ver3.gen/sources_1/bd/design_1/ip/design_1_system_ila_1_1/synth/design_1_system_ila_1_1.v:216]
WARNING: [Synth 8-4446] all outputs are unconnected for this instance and logic may be removed [c:/Users/willylin/Desktop/dp_ver3/dp_ver3/dp-ver3.gen/sources_1/bd/design_1/ip/design_1_system_ila_1_1/synth/design_1_system_ila_1_1.v:256]
INFO: [Synth 8-6157] synthesizing module 'bd_f69c' [c:/Users/willylin/Desktop/dp_ver3/dp_ver3/dp-ver3.gen/sources_1/bd/design_1/ip/design_1_system_ila_1_1/bd_0/synth/bd_f69c.v:10]
INFO: [Synth 8-6157] synthesizing module 'bd_f69c_g_inst_0' [c:/Users/willylin/Desktop/dp_ver3/dp_ver3/dp-ver3.gen/sources_1/bd/design_1/ip/design_1_system_ila_1_1/bd_0/ip/ip_1/synth/bd_f69c_g_inst_0.v:116]
INFO: [Synth 8-6157] synthesizing module 'bd_f69c_g_inst_0_gigantic_mux' [c:/Users/willylin/Desktop/dp_ver3/dp_ver3/dp-ver3.gen/sources_1/bd/design_1/ip/design_1_system_ila_1_1/bd_0/ip/ip_1/bd_f69c_g_inst_0_gigantic_mux.v:63]
INFO: [Synth 8-6155] done synthesizing module 'bd_f69c_g_inst_0_gigantic_mux' (2#1) [c:/Users/willylin/Desktop/dp_ver3/dp_ver3/dp-ver3.gen/sources_1/bd/design_1/ip/design_1_system_ila_1_1/bd_0/ip/ip_1/bd_f69c_g_inst_0_gigantic_mux.v:63]
INFO: [Synth 8-6155] done synthesizing module 'bd_f69c_g_inst_0' (3#1) [c:/Users/willylin/Desktop/dp_ver3/dp_ver3/dp-ver3.gen/sources_1/bd/design_1/ip/design_1_system_ila_1_1/bd_0/ip/ip_1/synth/bd_f69c_g_inst_0.v:116]
WARNING: [Synth 8-4446] all outputs are unconnected for this instance and logic may be removed [c:/Users/willylin/Desktop/dp_ver3/dp_ver3/dp-ver3.gen/sources_1/bd/design_1/ip/design_1_system_ila_1_1/bd_0/synth/bd_f69c.v:87]
INFO: [Synth 8-6157] synthesizing module 'bd_f69c_ila_lib_0' [c:/Users/willylin/Desktop/dp_ver3/dp_ver3/dp-ver3.gen/sources_1/bd/design_1/ip/design_1_system_ila_1_1/bd_0/ip/ip_0/synth/bd_f69c_ila_lib_0.v:84]
INFO: [Synth 8-6157] synthesizing module 'CFGLUT5' [D:/Xilinx/Vivado/2021.1/scripts/rt/data/unisim_comp.v:1524]
INFO: [Synth 8-6155] done synthesizing module 'CFGLUT5' (11#1) [D:/Xilinx/Vivado/2021.1/scripts/rt/data/unisim_comp.v:1524]
INFO: [Synth 8-6157] synthesizing module 'CARRY4' [D:/Xilinx/Vivado/2021.1/scripts/rt/data/unisim_comp.v:1487]
INFO: [Synth 8-6155] done synthesizing module 'CARRY4' (12#1) [D:/Xilinx/Vivado/2021.1/scripts/rt/data/unisim_comp.v:1487]
INFO: [Synth 8-6157] synthesizing module 'SRLC32E' [D:/Xilinx/Vivado/2021.1/scripts/rt/data/unisim_comp.v:101111]
INFO: [Synth 8-6155] done synthesizing module 'SRLC32E' (22#1) [D:/Xilinx/Vivado/2021.1/scripts/rt/data/unisim_comp.v:101111]
INFO: [Synth 8-6157] synthesizing module 'SRL16E' [D:/Xilinx/Vivado/2021.1/scripts/rt/data/unisim_comp.v:100961]
INFO: [Synth 8-6155] done synthesizing module 'SRL16E' (24#1) [D:/Xilinx/Vivado/2021.1/scripts/rt/data/unisim_comp.v:100961]
INFO: [Synth 8-6157] synthesizing module 'SRLC16E' [D:/Xilinx/Vivado/2021.1/scripts/rt/data/unisim_comp.v:101050]
INFO: [Synth 8-6155] done synthesizing module 'SRLC16E' (26#1) [D:/Xilinx/Vivado/2021.1/scripts/rt/data/unisim_comp.v:101050]
INFO: [Synth 8-6157] synthesizing module 'FDRE' [D:/Xilinx/Vivado/2021.1/scripts/rt/data/unisim_comp.v:27837]
INFO: [Synth 8-6155] done synthesizing module 'FDRE' (31#1) [D:/Xilinx/Vivado/2021.1/scripts/rt/data/unisim_comp.v:27837]
WARNING: [Synth 8-7071] port 'clk_nobuf' of module 'ila_v6_2_11_ila' is unconnected for instance 'inst' [c:/Users/willylin/Desktop/dp_ver3/dp_ver3/dp-ver3.gen/sources_1/bd/design_1/ip/design_1_system_ila_1_1/bd_0/ip/ip_0/synth/bd_f69c_ila_lib_0.v:3225]
WARNING: [Synth 8-7071] port 'clkdiv_out' of module 'ila_v6_2_11_ila' is unconnected for instance 'inst' [c:/Users/willylin/Desktop/dp_ver3/dp_ver3/dp-ver3.gen/sources_1/bd/design_1/ip/design_1_system_ila_1_1/bd_0/ip/ip_0/synth/bd_f69c_ila_lib_0.v:3225]
WARNING: [Synth 8-7071] port 'trig_in' of module 'ila_v6_2_11_ila' is unconnected for instance 'inst' [c:/Users/willylin/Desktop/dp_ver3/dp_ver3/dp-ver3.gen/sources_1/bd/design_1/ip/design_1_system_ila_1_1/bd_0/ip/ip_0/synth/bd_f69c_ila_lib_0.v:3225]
WARNING: [Synth 8-7071] port 'trig_in_ack' of module 'ila_v6_2_11_ila' is unconnected for instance 'inst' [c:/Users/willylin/Desktop/dp_ver3/dp_ver3/dp-ver3.gen/sources_1/bd/design_1/ip/design_1_system_ila_1_1/bd_0/ip/ip_0/synth/bd_f69c_ila_lib_0.v:3225]
WARNING: [Synth 8-7071] port 'trig_out' of module 'ila_v6_2_11_ila' is unconnected for instance 'inst' [c:/Users/willylin/Desktop/dp_ver3/dp_ver3/dp-ver3.gen/sources_1/bd/design_1/ip/design_1_system_ila_1_1/bd_0/ip/ip_0/synth/bd_f69c_ila_lib_0.v:3225]
WARNING: [Synth 8-7071] port 'trig_out_ack' of module 'ila_v6_2_11_ila' is unconnected for instance 'inst' [c:/Users/willylin/Desktop/dp_ver3/dp_ver3/dp-ver3.gen/sources_1/bd/design_1/ip/design_1_system_ila_1_1/bd_0/ip/ip_0/synth/bd_f69c_ila_lib_0.v:3225]
WARNING: [Synth 8-7023] instance 'inst' of module 'ila_v6_2_11_ila' has 1033 connections declared, but only 1027 given [c:/Users/willylin/Desktop/dp_ver3/dp_ver3/dp-ver3.gen/sources_1/bd/design_1/ip/design_1_system_ila_1_1/bd_0/ip/ip_0/synth/bd_f69c_ila_lib_0.v:3225]
INFO: [Synth 8-6155] done synthesizing module 'bd_f69c_ila_lib_0' (51#1) [c:/Users/willylin/Desktop/dp_ver3/dp_ver3/dp-ver3.gen/sources_1/bd/design_1/ip/design_1_system_ila_1_1/bd_0/ip/ip_0/synth/bd_f69c_ila_lib_0.v:84]
INFO: [Synth 8-6071] Mark debug on the nets applies keep_hierarchy on instance 'g_inst'. This will prevent further optimization [c:/Users/willylin/Desktop/dp_ver3/dp_ver3/dp-ver3.gen/sources_1/bd/design_1/ip/design_1_system_ila_1_1/bd_0/synth/bd_f69c.v:66]
INFO: [Synth 8-6071] Mark debug on the nets applies keep_hierarchy on instance 'ila_lib'. This will prevent further optimization [c:/Users/willylin/Desktop/dp_ver3/dp_ver3/dp-ver3.gen/sources_1/bd/design_1/ip/design_1_system_ila_1_1/bd_0/synth/bd_f69c.v:87]
INFO: [Synth 8-6155] done synthesizing module 'bd_f69c' (52#1) [c:/Users/willylin/Desktop/dp_ver3/dp_ver3/dp-ver3.gen/sources_1/bd/design_1/ip/design_1_system_ila_1_1/bd_0/synth/bd_f69c.v:10]
INFO: [Synth 8-6155] done synthesizing module 'design_1_system_ila_1_1' (53#1) [c:/Users/willylin/Desktop/dp_ver3/dp_ver3/dp-ver3.gen/sources_1/bd/design_1/ip/design_1_system_ila_1_1/synth/design_1_system_ila_1_1.v:216]
---------------------------------------------------------------------------------
Finished RTL Elaboration : Time (s): cpu = 00:01:09 ; elapsed = 00:01:12 . Memory (MB): peak = 2471.480 ; gain = 728.848
---------------------------------------------------------------------------------
---------------------------------------------------------------------------------
Start Handling Custom Attributes
---------------------------------------------------------------------------------
---------------------------------------------------------------------------------
Finished Handling Custom Attributes : Time (s): cpu = 00:01:11 ; elapsed = 00:01:14 . Memory (MB): peak = 2471.480 ; gain = 728.848
---------------------------------------------------------------------------------
---------------------------------------------------------------------------------
Finished RTL Optimization Phase 1 : Time (s): cpu = 00:01:11 ; elapsed = 00:01:14 . Memory (MB): peak = 2471.480 ; gain = 728.848
---------------------------------------------------------------------------------
Netlist sorting complete. Time (s): cpu = 00:00:00 ; elapsed = 00:00:00.310 . Memory (MB): peak = 2471.480 ; gain = 0.000
INFO: [Netlist 29-17] Analyzing 136 Unisim elements for replacement
INFO: [Netlist 29-28] Unisim Transformation completed in 1 CPU seconds
INFO: [Project 1-570] Preparing netlist for logic optimization

Processing XDC Constraints
Initializing timing engine
Parsing XDC File [c:/Users/willylin/Desktop/dp_ver3/dp_ver3/dp-ver3.gen/sources_1/bd/design_1/ip/design_1_system_ila_1_1/design_1_system_ila_1_1_ooc.xdc] for cell 'inst'
Finished Parsing XDC File [c:/Users/willylin/Desktop/dp_ver3/dp_ver3/dp-ver3.gen/sources_1/bd/design_1/ip/design_1_system_ila_1_1/design_1_system_ila_1_1_ooc.xdc] for cell 'inst'
Parsing XDC File [c:/Users/willylin/Desktop/dp_ver3/dp_ver3/dp-ver3.gen/sources_1/bd/design_1/ip/design_1_system_ila_1_1/bd_0/ip/ip_0/ila_v6_2/constraints/ila.xdc] for cell 'inst/ila_lib/inst'
Finished Parsing XDC File [c:/Users/willylin/Desktop/dp_ver3/dp_ver3/dp-ver3.gen/sources_1/bd/design_1/ip/design_1_system_ila_1_1/bd_0/ip/ip_0/ila_v6_2/constraints/ila.xdc] for cell 'inst/ila_lib/inst'
Parsing XDC File [C:/Users/willylin/Desktop/dp_ver3/dp_ver3/dp-ver3.runs/design_1_system_ila_1_1_synth_1/dont_touch.xdc]
Finished Parsing XDC File [C:/Users/willylin/Desktop/dp_ver3/dp_ver3/dp-ver3.runs/design_1_system_ila_1_1_synth_1/dont_touch.xdc]
INFO: [Project 1-236] Implementation specific constraints were found while reading constraint file [C:/Users/willylin/Desktop/dp_ver3/dp_ver3/dp-ver3.runs/design_1_system_ila_1_1_synth_1/dont_touch.xdc]. These constraints will be ignored for synthesis but will be used in implementation. Impacted constraints are listed in the file [.Xil/design_1_system_ila_1_1_propImpl.xdc].
Resolution: To avoid this warning, move constraints listed in [.Xil/design_1_system_ila_1_1_propImpl.xdc] to another XDC file and exclude this new file from synthesis with the used_in_synthesis property (File Properties dialog in GUI) and re-run elaboration/synthesis.
Completed Processing XDC Constraints

Netlist sorting complete. Time (s): cpu = 00:00:00 ; elapsed = 00:00:00.006 . Memory (MB): peak = 2471.480 ; gain = 0.000
INFO: [Project 1-111] Unisim Transformation Summary:
  A total of 101 instances were transformed.
  CFGLUT5 => CFGLUT5 (SRL16E, SRLC32E): 88 instances
  CFGLUT5 => SRLC32E: 13 instances

Constraint Validation Runtime : Time (s): cpu = 00:00:01 ; elapsed = 00:00:00.425 . Memory (MB): peak = 2471.480 ; gain = 0.000
---------------------------------------------------------------------------------
Finished Constraint Validation : Time (s): cpu = 00:01:31 ; elapsed = 00:01:34 . Memory (MB): peak = 2471.480 ; gain = 728.848
---------------------------------------------------------------------------------
---------------------------------------------------------------------------------
Start Loading Part and Timing Information
---------------------------------------------------------------------------------
Loading part: xczu7ev-ffvc1156-2-e
INFO: [Synth 8-6742] Reading net delay rules and data
---------------------------------------------------------------------------------
Finished Loading Part and Timing Information : Time (s): cpu = 00:01:31 ; elapsed = 00:01:34 . Memory (MB): peak = 2471.480 ; gain = 728.848
---------------------------------------------------------------------------------
---------------------------------------------------------------------------------
Start Applying 'set_property' XDC Constraints
---------------------------------------------------------------------------------
Applied set_property KEEP_HIERARCHY = SOFT for inst/ila_lib/inst. (constraint file  C:/Users/willylin/Desktop/dp_ver3/dp_ver3/dp-ver3.runs/design_1_system_ila_1_1_synth_1/dont_touch.xdc, line 17).
Applied set_property KEEP_HIERARCHY = SOFT for inst. (constraint file  auto generated constraint).
Applied set_property KEEP_HIERARCHY = SOFT for inst/ila_lib. (constraint file  auto generated constraint).
Applied set_property KEEP_HIERARCHY = SOFT for inst/g_inst. (constraint file  auto generated constraint).
---------------------------------------------------------------------------------
Finished applying 'set_property' XDC Constraints : Time (s): cpu = 00:01:31 ; elapsed = 00:01:34 . Memory (MB): peak = 2471.480 ; gain = 728.848
---------------------------------------------------------------------------------
INFO: [Synth 8-802] inferred FSM for state register 'current_state_reg' in module 'xsdbs_v1_0_2_reg_p2s'
INFO: [Synth 8-802] inferred FSM for state register 'current_state_reg' in module 'xsdbs_v1_0_2_reg_p2s__parameterized0'
INFO: [Synth 8-802] inferred FSM for state register 'current_state_reg' in module 'xsdbs_v1_0_2_reg_p2s__parameterized1'
INFO: [Synth 8-802] inferred FSM for state register 'current_state_reg' in module 'xsdbs_v1_0_2_reg_p2s__parameterized2'
INFO: [Synth 8-802] inferred FSM for state register 'current_state_reg' in module 'xsdbs_v1_0_2_reg_p2s__parameterized3'
INFO: [Synth 8-802] inferred FSM for state register 'current_state_reg' in module 'xsdbs_v1_0_2_reg_p2s__parameterized4'
INFO: [Synth 8-802] inferred FSM for state register 'current_state_reg' in module 'xsdbs_v1_0_2_reg_p2s__parameterized5'
INFO: [Synth 8-802] inferred FSM for state register 'current_state_reg' in module 'xsdbs_v1_0_2_reg_p2s__parameterized6'
INFO: [Synth 8-802] inferred FSM for state register 'current_state_reg' in module 'xsdbs_v1_0_2_reg_p2s__parameterized7'
INFO: [Synth 8-802] inferred FSM for state register 'current_state_reg' in module 'xsdbs_v1_0_2_reg_p2s__parameterized8'
INFO: [Synth 8-802] inferred FSM for state register 'current_state_reg' in module 'xsdbs_v1_0_2_reg_p2s__parameterized9'
INFO: [Synth 8-802] inferred FSM for state register 'current_state_reg' in module 'ltlib_v1_0_0_generic_memrd'
---------------------------------------------------------------------------------------------------
                   State |                     New Encoding |                Previous Encoding 
---------------------------------------------------------------------------------------------------
*
                    IDLE |                             0001 |                             0001
                     REG |                             0010 |                             0010
                     P2S |                             0100 |                             0100
                     S2P |                             1000 |                             1000
---------------------------------------------------------------------------------------------------
INFO: [Synth 8-3898] No Re-encoding of one hot register 'current_state_reg' in module 'xsdbs_v1_0_2_reg_p2s'
---------------------------------------------------------------------------------------------------
                   State |                     New Encoding |                Previous Encoding 
---------------------------------------------------------------------------------------------------
*
                    IDLE |                             0001 |                             0001
                     REG |                             0010 |                             0010
                     P2S |                             0100 |                             0100
                     S2P |                             1000 |                             1000
---------------------------------------------------------------------------------------------------
INFO: [Synth 8-3898] No Re-encoding of one hot register 'current_state_reg' in module 'xsdbs_v1_0_2_reg_p2s__parameterized0'
---------------------------------------------------------------------------------------------------
                   State |                     New Encoding |                Previous Encoding 
---------------------------------------------------------------------------------------------------
*
                    IDLE |                             0001 |                             0001
                     REG |                             0010 |                             0010
                     P2S |                             0100 |                             0100
                     S2P |                             1000 |                             1000
---------------------------------------------------------------------------------------------------
INFO: [Synth 8-3898] No Re-encoding of one hot register 'current_state_reg' in module 'xsdbs_v1_0_2_reg_p2s__parameterized1'
---------------------------------------------------------------------------------------------------
                   State |                     New Encoding |                Previous Encoding 
---------------------------------------------------------------------------------------------------
*
                    IDLE |                             0001 |                             0001
                     REG |                             0010 |                             0010
                     P2S |                             0100 |                             0100
                     S2P |                             1000 |                             1000
---------------------------------------------------------------------------------------------------
INFO: [Synth 8-3898] No Re-encoding of one hot register 'current_state_reg' in module 'xsdbs_v1_0_2_reg_p2s__parameterized2'
---------------------------------------------------------------------------------------------------
                   State |                     New Encoding |                Previous Encoding 
---------------------------------------------------------------------------------------------------
*
                    IDLE |                             0001 |                             0001
                     REG |                             0010 |                             0010
                     P2S |                             0100 |                             0100
                     S2P |                             1000 |                             1000
---------------------------------------------------------------------------------------------------
INFO: [Synth 8-3898] No Re-encoding of one hot register 'current_state_reg' in module 'xsdbs_v1_0_2_reg_p2s__parameterized3'
---------------------------------------------------------------------------------------------------
                   State |                     New Encoding |                Previous Encoding 
---------------------------------------------------------------------------------------------------
*
                    IDLE |                             0001 |                             0001
                     REG |                             0010 |                             0010
                     P2S |                             0100 |                             0100
                     S2P |                             1000 |                             1000
---------------------------------------------------------------------------------------------------
INFO: [Synth 8-3898] No Re-encoding of one hot register 'current_state_reg' in module 'xsdbs_v1_0_2_reg_p2s__parameterized4'
---------------------------------------------------------------------------------------------------
                   State |                     New Encoding |                Previous Encoding 
---------------------------------------------------------------------------------------------------
*
                    IDLE |                             0001 |                             0001
                     REG |                             0010 |                             0010
                     P2S |                             0100 |                             0100
                     S2P |                             1000 |                             1000
---------------------------------------------------------------------------------------------------
INFO: [Synth 8-3898] No Re-encoding of one hot register 'current_state_reg' in module 'xsdbs_v1_0_2_reg_p2s__parameterized5'
---------------------------------------------------------------------------------------------------
                   State |                     New Encoding |                Previous Encoding 
---------------------------------------------------------------------------------------------------
*
                    IDLE |                             0001 |                             0001
                     REG |                             0010 |                             0010
                     P2S |                             0100 |                             0100
                     S2P |                             1000 |                             1000
---------------------------------------------------------------------------------------------------
INFO: [Synth 8-3898] No Re-encoding of one hot register 'current_state_reg' in module 'xsdbs_v1_0_2_reg_p2s__parameterized6'
---------------------------------------------------------------------------------------------------
                   State |                     New Encoding |                Previous Encoding 
---------------------------------------------------------------------------------------------------
*
                    IDLE |                             0001 |                             0001
                     REG |                             0010 |                             0010
                     P2S |                             0100 |                             0100
                     S2P |                             1000 |                             1000
---------------------------------------------------------------------------------------------------
INFO: [Synth 8-3898] No Re-encoding of one hot register 'current_state_reg' in module 'xsdbs_v1_0_2_reg_p2s__parameterized7'
---------------------------------------------------------------------------------------------------
                   State |                     New Encoding |                Previous Encoding 
---------------------------------------------------------------------------------------------------
*
                    IDLE |                             0001 |                             0001
                     REG |                             0010 |                             0010
                     P2S |                             0100 |                             0100
                     S2P |                             1000 |                             1000
---------------------------------------------------------------------------------------------------
INFO: [Synth 8-3898] No Re-encoding of one hot register 'current_state_reg' in module 'xsdbs_v1_0_2_reg_p2s__parameterized8'
---------------------------------------------------------------------------------------------------
                   State |                     New Encoding |                Previous Encoding 
---------------------------------------------------------------------------------------------------
*
                    IDLE |                             0001 |                             0001
                     REG |                             0010 |                             0010
                     P2S |                             0100 |                             0100
                     S2P |                             1000 |                             1000
---------------------------------------------------------------------------------------------------
INFO: [Synth 8-3898] No Re-encoding of one hot register 'current_state_reg' in module 'xsdbs_v1_0_2_reg_p2s__parameterized9'
---------------------------------------------------------------------------------------------------
                   State |                     New Encoding |                Previous Encoding 
---------------------------------------------------------------------------------------------------
*
              RESET_ADDR |                          0000001 |                          0000001
            REQUEST_READ |                          0000010 |                          0000010
           WAIT_READ_ACK |                          0000100 |                          0000100
             OUTPUT_DATA |                          0001000 |                          0001000
                    IDLE |                          0010000 |                          0010000
         INCREMENT_BLOCK |                          0100000 |                          0100000
       INCREMENT_ADDRESS |                          1000000 |                          1000000
---------------------------------------------------------------------------------------------------
INFO: [Synth 8-3898] No Re-encoding of one hot register 'current_state_reg' in module 'ltlib_v1_0_0_generic_memrd'
---------------------------------------------------------------------------------
Finished RTL Optimization Phase 2 : Time (s): cpu = 00:01:37 ; elapsed = 00:01:40 . Memory (MB): peak = 2471.480 ; gain = 728.848
---------------------------------------------------------------------------------
---------------------------------------------------------------------------------
Start RTL Component Statistics 
---------------------------------------------------------------------------------
---------------------------------------------------------------------------------
Finished RTL Component Statistics 
---------------------------------------------------------------------------------
---------------------------------------------------------------------------------
Start Part Resource Summary
---------------------------------------------------------------------------------
Part Resources:
DSPs: 1728 (col length:144)
BRAMs: 624 (col length: RAMB18 144 RAMB36 72)
---------------------------------------------------------------------------------
Finished Part Resource Summary
---------------------------------------------------------------------------------
---------------------------------------------------------------------------------
Start Cross Boundary and Area Optimization
---------------------------------------------------------------------------------
---------------------------------------------------------------------------------
Finished Cross Boundary and Area Optimization : Time (s): cpu = 00:01:55 ; elapsed = 00:01:59 . Memory (MB): peak = 2471.480 ; gain = 728.848
---------------------------------------------------------------------------------
---------------------------------------------------------------------------------
Start Applying XDC Timing Constraints
---------------------------------------------------------------------------------
---------------------------------------------------------------------------------
Finished Applying XDC Timing Constraints : Time (s): cpu = 00:02:09 ; elapsed = 00:02:14 . Memory (MB): peak = 2705.598 ; gain = 962.965
---------------------------------------------------------------------------------
---------------------------------------------------------------------------------
Start Timing Optimization
---------------------------------------------------------------------------------
---------------------------------------------------------------------------------
Finished Timing Optimization : Time (s): cpu = 00:02:10 ; elapsed = 00:02:15 . Memory (MB): peak = 2725.680 ; gain = 983.047
---------------------------------------------------------------------------------
---------------------------------------------------------------------------------
Start Technology Mapping
---------------------------------------------------------------------------------
---------------------------------------------------------------------------------
Finished Technology Mapping : Time (s): cpu = 00:02:12 ; elapsed = 00:02:17 . Memory (MB): peak = 2765.641 ; gain = 1023.008
---------------------------------------------------------------------------------
---------------------------------------------------------------------------------
Start IO Insertion
---------------------------------------------------------------------------------
---------------------------------------------------------------------------------
Start Flattening Before IO Insertion
---------------------------------------------------------------------------------
---------------------------------------------------------------------------------
Finished Flattening Before IO Insertion
---------------------------------------------------------------------------------
---------------------------------------------------------------------------------
Start Final Netlist Cleanup
---------------------------------------------------------------------------------
---------------------------------------------------------------------------------
Finished Final Netlist Cleanup
---------------------------------------------------------------------------------
INFO: [Synth 8-3295] tying undriven pin dummy_inferred:in0 to constant 0
INFO: [Synth 8-3295] tying undriven pin inst:sl_iport0[36] to constant 0
INFO: [Synth 8-3295] tying undriven pin inst:sl_iport0[35] to constant 0
INFO: [Synth 8-3295] tying undriven pin inst:sl_iport0[34] to constant 0
INFO: [Synth 8-3295] tying undriven pin inst:sl_iport0[33] to constant 0
INFO: [Synth 8-3295] tying undriven pin inst:sl_iport0[32] to constant 0
INFO: [Synth 8-3295] tying undriven pin inst:sl_iport0[31] to constant 0
INFO: [Synth 8-3295] tying undriven pin inst:sl_iport0[30] to constant 0
INFO: [Synth 8-3295] tying undriven pin inst:sl_iport0[29] to constant 0
INFO: [Synth 8-3295] tying undriven pin inst:sl_iport0[28] to constant 0
INFO: [Synth 8-3295] tying undriven pin inst:sl_iport0[27] to constant 0
INFO: [Synth 8-3295] tying undriven pin inst:sl_iport0[26] to constant 0
INFO: [Synth 8-3295] tying undriven pin inst:sl_iport0[25] to constant 0
INFO: [Synth 8-3295] tying undriven pin inst:sl_iport0[24] to constant 0
INFO: [Synth 8-3295] tying undriven pin inst:sl_iport0[23] to constant 0
INFO: [Synth 8-3295] tying undriven pin inst:sl_iport0[22] to constant 0
INFO: [Synth 8-3295] tying undriven pin inst:sl_iport0[21] to constant 0
INFO: [Synth 8-3295] tying undriven pin inst:sl_iport0[20] to constant 0
INFO: [Synth 8-3295] tying undriven pin inst:sl_iport0[19] to constant 0
INFO: [Synth 8-3295] tying undriven pin inst:sl_iport0[18] to constant 0
INFO: [Synth 8-3295] tying undriven pin inst:sl_iport0[17] to constant 0
INFO: [Synth 8-3295] tying undriven pin inst:sl_iport0[16] to constant 0
INFO: [Synth 8-3295] tying undriven pin inst:sl_iport0[15] to constant 0
INFO: [Synth 8-3295] tying undriven pin inst:sl_iport0[14] to constant 0
INFO: [Synth 8-3295] tying undriven pin inst:sl_iport0[13] to constant 0
INFO: [Synth 8-3295] tying undriven pin inst:sl_iport0[12] to constant 0
INFO: [Synth 8-3295] tying undriven pin inst:sl_iport0[11] to constant 0
INFO: [Synth 8-3295] tying undriven pin inst:sl_iport0[10] to constant 0
INFO: [Synth 8-3295] tying undriven pin inst:sl_iport0[9] to constant 0
INFO: [Synth 8-3295] tying undriven pin inst:sl_iport0[8] to constant 0
INFO: [Synth 8-3295] tying undriven pin inst:sl_iport0[7] to constant 0
INFO: [Synth 8-3295] tying undriven pin inst:sl_iport0[6] to constant 0
INFO: [Synth 8-3295] tying undriven pin inst:sl_iport0[5] to constant 0
INFO: [Synth 8-3295] tying undriven pin inst:sl_iport0[4] to constant 0
INFO: [Synth 8-3295] tying undriven pin inst:sl_iport0[3] to constant 0
INFO: [Synth 8-3295] tying undriven pin inst:sl_iport0[2] to constant 0
INFO: [Synth 8-3295] tying undriven pin inst:sl_iport0[1] to constant 0
INFO: [Synth 8-3295] tying undriven pin inst:sl_iport0[0] to constant 0
INFO: [Synth 8-3295] tying undriven pin inst:trig_in to constant 0
INFO: [Synth 8-3295] tying undriven pin inst:trig_out_ack to constant 0
---------------------------------------------------------------------------------
Finished IO Insertion : Time (s): cpu = 00:02:16 ; elapsed = 00:02:21 . Memory (MB): peak = 2780.465 ; gain = 1037.832
---------------------------------------------------------------------------------
---------------------------------------------------------------------------------
Start Renaming Generated Instances
---------------------------------------------------------------------------------
---------------------------------------------------------------------------------
Finished Renaming Generated Instances : Time (s): cpu = 00:02:16 ; elapsed = 00:02:21 . Memory (MB): peak = 2780.465 ; gain = 1037.832
---------------------------------------------------------------------------------
---------------------------------------------------------------------------------
Start Rebuilding User Hierarchy
---------------------------------------------------------------------------------
---------------------------------------------------------------------------------
Finished Rebuilding User Hierarchy : Time (s): cpu = 00:02:16 ; elapsed = 00:02:21 . Memory (MB): peak = 2780.465 ; gain = 1037.832
---------------------------------------------------------------------------------
---------------------------------------------------------------------------------
Start Renaming Generated Ports
---------------------------------------------------------------------------------
---------------------------------------------------------------------------------
Finished Renaming Generated Ports : Time (s): cpu = 00:02:16 ; elapsed = 00:02:21 . Memory (MB): peak = 2780.465 ; gain = 1037.832
---------------------------------------------------------------------------------
---------------------------------------------------------------------------------
Start Handling Custom Attributes
---------------------------------------------------------------------------------
---------------------------------------------------------------------------------
Finished Handling Custom Attributes : Time (s): cpu = 00:02:16 ; elapsed = 00:02:22 . Memory (MB): peak = 2780.465 ; gain = 1037.832
---------------------------------------------------------------------------------
---------------------------------------------------------------------------------
Start Renaming Generated Nets
---------------------------------------------------------------------------------
---------------------------------------------------------------------------------
Finished Renaming Generated Nets : Time (s): cpu = 00:02:16 ; elapsed = 00:02:22 . Memory (MB): peak = 2780.465 ; gain = 1037.832
---------------------------------------------------------------------------------
---------------------------------------------------------------------------------
Start Writing Synthesis Report
---------------------------------------------------------------------------------

Report BlackBoxes: 
+-+--------------+----------+
| |BlackBox name |Instances |
+-+--------------+----------+
+-+--------------+----------+

Report Cell Usage: 
+------+---------+------+
|      |Cell     |Count |
+------+---------+------+
|1     |CARRY4   |    35|
|2     |CARRY8   |     8|
|3     |CFGLUT5  |   101|
|4     |LUT1     |    33|
|5     |LUT2     |    68|
|6     |LUT3     |   112|
|7     |LUT4     |   300|
|8     |LUT5     |    69|
|9     |LUT6     |   906|
|10    |MUXF7    |   148|
|11    |RAMB36E2 |   132|
|14    |SRL16E   |    40|
|15    |SRLC16E  |     2|
|16    |SRLC32E  |    17|
|17    |FDRE     |  1787|
|18    |FDSE     |    10|
+------+---------+------+
---------------------------------------------------------------------------------
Finished Writing Synthesis Report : Time (s): cpu = 00:02:16 ; elapsed = 00:02:22 . Memory (MB): peak = 2780.465 ; gain = 1037.832
---------------------------------------------------------------------------------
Synthesis finished with 0 errors, 0 critical warnings and 0 warnings.
Synthesis Optimization Runtime : Time (s): cpu = 00:00:53 ; elapsed = 00:02:09 . Memory (MB): peak = 2780.465 ; gain = 1037.832
Synthesis Optimization Complete : Time (s): cpu = 00:02:17 ; elapsed = 00:02:22 . Memory (MB): peak = 2780.465 ; gain = 1037.832
INFO: [Project 1-571] Translating synthesized netlist
Netlist sorting complete. Time (s): cpu = 00:00:00 ; elapsed = 00:00:00.170 . Memory (MB): peak = 2780.465 ; gain = 0.000
INFO: [Netlist 29-17] Analyzing 292 Unisim elements for replacement
INFO: [Netlist 29-28] Unisim Transformation completed in 0 CPU seconds
INFO: [Project 1-570] Preparing netlist for logic optimization
INFO: [Opt 31-138] Pushed 0 inverter(s) to 0 load pin(s).
Netlist sorting complete. Time (s): cpu = 00:00:00 ; elapsed = 00:00:00.004 . Memory (MB): peak = 2815.598 ; gain = 0.000
INFO: [Project 1-111] Unisim Transformation Summary:
  A total of 119 instances were transformed.
  (CARRY4) => CARRY8: 18 instances
  CFGLUT5 => CFGLUT5 (SRL16E, SRLC32E): 88 instances
  CFGLUT5 => SRLC32E: 13 instances

Synth Design complete, checksum: 42291157
INFO: [Common 17-83] Releasing license: Synthesis
109 Infos, 10 Warnings, 0 Critical Warnings and 0 Errors encountered.
synth_design completed successfully
synth_design: Time (s): cpu = 00:02:28 ; elapsed = 00:02:33 . Memory (MB): peak = 2815.598 ; gain = 1512.848
INFO: [Common 17-1381] The checkpoint 'C:/Users/willylin/Desktop/dp_ver3/dp_ver3/dp-ver3.runs/design_1_system_ila_1_1_synth_1/design_1_system_ila_1_1.dcp' has been generated.
INFO: [Coretcl 2-1648] Added synthesis output to IP cache for IP design_1_system_ila_1_1, cache-ID = f1933193be10b5f3
INFO: [Coretcl 2-1174] Renamed 413 cell refs.
INFO: [Common 17-1381] The checkpoint 'C:/Users/willylin/Desktop/dp_ver3/dp_ver3/dp-ver3.runs/design_1_system_ila_1_1_synth_1/design_1_system_ila_1_1.dcp' has been generated.
INFO: [runtcl-4] Executing : report_utilization -file design_1_system_ila_1_1_utilization_synth.rpt -pb design_1_system_ila_1_1_utilization_synth.pb
INFO: [Common 17-206] Exiting Vivado at Wed Jun  1 11:29:33 2022...
