Copyright 1986-2021 Xilinx, Inc. All Rights Reserved.
-----------------------------------------------------------------------------------------------------------------------------
| Tool Version : Vivado v.2021.1 (win64) Build 3247384 Thu Jun 10 19:36:33 MDT 2021
| Date         : Wed Jun  1 11:35:12 2022
| Host         : S008-188 running 64-bit major release  (build 9200)
| Command      : report_utilization -file design_1_wrapper_utilization_placed.rpt -pb design_1_wrapper_utilization_placed.pb
| Design       : design_1_wrapper
| Device       : xczu7evffvc1156-2
| Design State : Fully Placed
-----------------------------------------------------------------------------------------------------------------------------

Utilization Design Information

Table of Contents
-----------------
1. CLB Logic
1.1 Summary of Registers by Type
2. CLB Logic Distribution
3. BLOCKRAM
4. ARITHMETIC
5. I/O
6. CLOCK
7. ADVANCED
8. CONFIGURATION
9. Primitives
10. Black Boxes
11. Instantiated Netlists

1. CLB Logic
------------

+----------------------------+------+-------+------------+-----------+-------+
|          Site Type         | Used | Fixed | Prohibited | Available | Util% |
+----------------------------+------+-------+------------+-----------+-------+
| CLB LUTs                   | 7173 |     0 |          0 |    230400 |  3.11 |
|   LUT as Logic             | 6620 |     0 |          0 |    230400 |  2.87 |
|   LUT as Memory            |  553 |     0 |          0 |    101760 |  0.54 |
|     LUT as Distributed RAM |   20 |     0 |            |           |       |
|     LUT as Shift Register  |  533 |     0 |            |           |       |
| CLB Registers              | 8660 |     0 |          0 |    460800 |  1.88 |
|   Register as Flip Flop    | 8660 |     0 |          0 |    460800 |  1.88 |
|   Register as Latch        |    0 |     0 |          0 |    460800 |  0.00 |
| CARRY8                     |  190 |     0 |          0 |     28800 |  0.66 |
| F7 Muxes                   |  311 |     0 |          0 |    115200 |  0.27 |
| F8 Muxes                   |    2 |     0 |          0 |     57600 | <0.01 |
| F9 Muxes                   |    0 |     0 |          0 |     28800 |  0.00 |
+----------------------------+------+-------+------------+-----------+-------+


1.1 Summary of Registers by Type
--------------------------------

+-------+--------------+-------------+--------------+
| Total | Clock Enable | Synchronous | Asynchronous |
+-------+--------------+-------------+--------------+
| 0     |            _ |           - |            - |
| 0     |            _ |           - |          Set |
| 0     |            _ |           - |        Reset |
| 0     |            _ |         Set |            - |
| 0     |            _ |       Reset |            - |
| 0     |          Yes |           - |            - |
| 41    |          Yes |           - |          Set |
| 196   |          Yes |           - |        Reset |
| 165   |          Yes |         Set |            - |
| 8258  |          Yes |       Reset |            - |
+-------+--------------+-------------+--------------+


2. CLB Logic Distribution
-------------------------

+--------------------------------------------+------+-------+------------+-----------+-------+
|                  Site Type                 | Used | Fixed | Prohibited | Available | Util% |
+--------------------------------------------+------+-------+------------+-----------+-------+
| CLB                                        | 2176 |     0 |          0 |     28800 |  7.56 |
|   CLBL                                     | 1144 |     0 |            |           |       |
|   CLBM                                     | 1032 |     0 |            |           |       |
| LUT as Logic                               | 6620 |     0 |          0 |    230400 |  2.87 |
|   using O5 output only                     |  183 |       |            |           |       |
|   using O6 output only                     | 5140 |       |            |           |       |
|   using O5 and O6                          | 1297 |       |            |           |       |
| LUT as Memory                              |  553 |     0 |          0 |    101760 |  0.54 |
|   LUT as Distributed RAM                   |   20 |     0 |            |           |       |
|     using O5 output only                   |    0 |       |            |           |       |
|     using O6 output only                   |    0 |       |            |           |       |
|     using O5 and O6                        |   20 |       |            |           |       |
|   LUT as Shift Register                    |  533 |     0 |            |           |       |
|     using O5 output only                   |    0 |       |            |           |       |
|     using O6 output only                   |  235 |       |            |           |       |
|     using O5 and O6                        |  298 |       |            |           |       |
| CLB Registers                              | 8660 |     0 |          0 |    460800 |  1.88 |
|   Register driven from within the CLB      | 4424 |       |            |           |       |
|   Register driven from outside the CLB     | 4236 |       |            |           |       |
|     LUT in front of the register is unused | 3139 |       |            |           |       |
|     LUT in front of the register is used   | 1097 |       |            |           |       |
| Unique Control Sets                        |  430 |       |          0 |     57600 |  0.75 |
+--------------------------------------------+------+-------+------------+-----------+-------+
* * Note: Available Control Sets calculated as Slices * 2, Review the Control Sets Report for more information regarding control sets.


3. BLOCKRAM
-----------

+-------------------+-------+-------+------------+-----------+-------+
|     Site Type     |  Used | Fixed | Prohibited | Available | Util% |
+-------------------+-------+-------+------------+-----------+-------+
| Block RAM Tile    | 307.5 |     0 |          0 |       312 | 98.56 |
|   RAMB36/FIFO*    |   306 |     0 |          0 |       312 | 98.08 |
|     RAMB36E2 only |   306 |       |            |           |       |
|   RAMB18          |     3 |     0 |          0 |       624 |  0.48 |
|     RAMB18E2 only |     3 |       |            |           |       |
| URAM              |     0 |     0 |          0 |        96 |  0.00 |
+-------------------+-------+-------+------------+-----------+-------+
* Note: Each Block RAM Tile only has one FIFO logic available and therefore can accommodate only one FIFO36E2 or one FIFO18E2. However, if a FIFO18E2 occupies a Block RAM Tile, that tile can still accommodate a RAMB18E2


4. ARITHMETIC
-------------

+----------------+------+-------+------------+-----------+-------+
|    Site Type   | Used | Fixed | Prohibited | Available | Util% |
+----------------+------+-------+------------+-----------+-------+
| DSPs           |    9 |     0 |          0 |      1728 |  0.52 |
|   DSP48E2 only |    9 |       |            |           |       |
+----------------+------+-------+------------+-----------+-------+


5. I/O
------

+------------------+------+-------+------------+-----------+-------+
|     Site Type    | Used | Fixed | Prohibited | Available | Util% |
+------------------+------+-------+------------+-----------+-------+
| Bonded IOB       |    4 |     4 |          0 |       360 |  1.11 |
| HPIOB_M          |    0 |     0 |          0 |       144 |  0.00 |
| HPIOB_S          |    0 |     0 |          0 |       144 |  0.00 |
| HDIOB_M          |    2 |     2 |          0 |        24 |  8.33 |
|   INPUT          |    0 |       |            |           |       |
|   OUTPUT         |    2 |       |            |           |       |
|   BIDIR          |    0 |       |            |           |       |
| HDIOB_S          |    2 |     2 |          0 |        24 |  8.33 |
|   INPUT          |    0 |       |            |           |       |
|   OUTPUT         |    2 |       |            |           |       |
|   BIDIR          |    0 |       |            |           |       |
| HPIOB_SNGL       |    0 |     0 |          0 |        24 |  0.00 |
| HPIOBDIFFINBUF   |    0 |     0 |          0 |       192 |  0.00 |
| HPIOBDIFFOUTBUF  |    0 |     0 |          0 |       192 |  0.00 |
| HDIOBDIFFINBUF   |    0 |     0 |          0 |        48 |  0.00 |
| BITSLICE_CONTROL |    0 |     0 |          0 |        64 |  0.00 |
| BITSLICE_RX_TX   |    0 |     0 |          0 |      2496 |  0.00 |
| BITSLICE_TX      |    0 |     0 |          0 |        64 |  0.00 |
| RIU_OR           |    0 |     0 |          0 |        32 |  0.00 |
+------------------+------+-------+------------+-----------+-------+


6. CLOCK
--------

+----------------------+------+-------+------------+-----------+-------+
|       Site Type      | Used | Fixed | Prohibited | Available | Util% |
+----------------------+------+-------+------------+-----------+-------+
| GLOBAL CLOCK BUFFERs |    3 |     0 |          0 |       544 |  0.55 |
|   BUFGCE             |    2 |     0 |          0 |       208 |  0.96 |
|   BUFGCE_DIV         |    0 |     0 |          0 |        32 |  0.00 |
|   BUFG_GT            |    0 |     0 |          0 |       144 |  0.00 |
|   BUFG_PS            |    1 |     0 |          0 |        96 |  1.04 |
|   BUFGCTRL*          |    0 |     0 |          0 |        64 |  0.00 |
| PLL                  |    0 |     0 |          0 |        16 |  0.00 |
| MMCM                 |    1 |     0 |          0 |         8 | 12.50 |
+----------------------+------+-------+------------+-----------+-------+
* Note: Each used BUFGCTRL counts as two GLOBAL CLOCK BUFFERs. This table does not include global clocking resources, only buffer cell usage. See the Clock Utilization Report (report_clock_utilization) for detailed accounting of global clocking resource availability.


7. ADVANCED
-----------

+-----------------+------+-------+------------+-----------+--------+
|    Site Type    | Used | Fixed | Prohibited | Available |  Util% |
+-----------------+------+-------+------------+-----------+--------+
| GTHE4_CHANNEL   |    0 |     0 |          0 |        20 |   0.00 |
| GTHE4_COMMON    |    0 |     0 |          0 |         5 |   0.00 |
| OBUFDS_GTE4     |    0 |     0 |          0 |        10 |   0.00 |
| OBUFDS_GTE4_ADV |    0 |     0 |          0 |        10 |   0.00 |
| PCIE40E4        |    0 |     0 |          0 |         2 |   0.00 |
| PS8             |    1 |     0 |          0 |         1 | 100.00 |
| SYSMONE4        |    0 |     0 |          0 |         1 |   0.00 |
| VCU             |    0 |     0 |          0 |         1 |   0.00 |
+-----------------+------+-------+------------+-----------+--------+


8. CONFIGURATION
----------------

+-------------+------+-------+------------+-----------+-------+
|  Site Type  | Used | Fixed | Prohibited | Available | Util% |
+-------------+------+-------+------------+-----------+-------+
| BSCANE2     |    1 |     0 |          0 |         4 | 25.00 |
| DNA_PORTE2  |    0 |     0 |          0 |         1 |  0.00 |
| EFUSE_USR   |    0 |     0 |          0 |         1 |  0.00 |
| FRAME_ECCE4 |    0 |     0 |          0 |         1 |  0.00 |
| ICAPE3      |    0 |     0 |          0 |         2 |  0.00 |
| MASTER_JTAG |    0 |     0 |          0 |         1 |  0.00 |
| STARTUPE3   |    0 |     0 |          0 |         1 |  0.00 |
+-------------+------+-------+------------+-----------+-------+


9. Primitives
-------------

+------------+------+---------------------+
|  Ref Name  | Used | Functional Category |
+------------+------+---------------------+
| FDRE       | 8258 |            Register |
| LUT6       | 3315 |                 CLB |
| LUT4       | 1445 |                 CLB |
| LUT3       | 1396 |                 CLB |
| LUT5       |  820 |                 CLB |
| LUT2       |  757 |                 CLB |
| SRL16E     |  483 |                 CLB |
| SRLC32E    |  342 |                 CLB |
| MUXF7      |  311 |                 CLB |
| RAMB36E2   |  306 |            BLOCKRAM |
| FDCE       |  196 |            Register |
| CARRY8     |  190 |                 CLB |
| LUT1       |  184 |                 CLB |
| FDSE       |  165 |            Register |
| FDPE       |   41 |            Register |
| RAMD32     |   36 |                 CLB |
| DSP48E2    |    9 |          Arithmetic |
| SRLC16E    |    6 |                 CLB |
| RAMS32     |    4 |                 CLB |
| OBUF       |    4 |                 I/O |
| RAMB18E2   |    3 |            BLOCKRAM |
| MUXF8      |    2 |                 CLB |
| BUFGCE     |    2 |               Clock |
| PS8        |    1 |            Advanced |
| MMCME4_ADV |    1 |               Clock |
| BUFG_PS    |    1 |               Clock |
| BSCANE2    |    1 |       Configuration |
+------------+------+---------------------+


10. Black Boxes
---------------

+----------+------+
| Ref Name | Used |
+----------+------+


11. Instantiated Netlists
-------------------------

+------------------------------+------+
|           Ref Name           | Used |
+------------------------------+------+
| design_1_zynq_ultra_ps_e_0_0 |    1 |
| design_1_v_tpg_0_0           |    1 |
| design_1_v_tc_0_0            |    1 |
| design_1_v_axi4s_vid_out_0_0 |    1 |
| design_1_system_ila_2_1      |    1 |
| design_1_system_ila_1_1      |    1 |
| design_1_system_ila_0_0      |    1 |
| design_1_rst_ps8_0_96M_1     |    1 |
| design_1_rst_ps8_0_96M_0     |    1 |
| design_1_clk_wiz_0_0         |    1 |
| design_1_auto_pc_0           |    1 |
| dbg_hub                      |    1 |
+------------------------------+------+


