Copyright 1986-2021 Xilinx, Inc. All Rights Reserved.
----------------------------------------------------------------------------------------------------------------------------------------------------------------------
| Tool Version     : Vivado v.2021.1 (win64) Build 3247384 Thu Jun 10 19:36:33 MDT 2021
| Date             : Wed Jun  1 11:36:51 2022
| Host             : S008-188 running 64-bit major release  (build 9200)
| Command          : report_power -file design_1_wrapper_power_routed.rpt -pb design_1_wrapper_power_summary_routed.pb -rpx design_1_wrapper_power_routed.rpx
| Design           : design_1_wrapper
| Device           : xczu7ev-ffvc1156-2-e
| Design State     : routed
| Grade            : extended
| Process          : typical
| Characterization : Production
----------------------------------------------------------------------------------------------------------------------------------------------------------------------

Power Report

Table of Contents
-----------------
1. Summary
1.1 On-Chip Components
1.2 Power Supply Summary
1.3 Confidence Level
2. Settings
2.1 Environment
2.2 Clock Constraints
3. Detailed Reports
3.1 By Hierarchy

1. Summary
----------

+--------------------------+--------------+
| Total On-Chip Power (W)  | 3.509        |
| Design Power Budget (W)  | Unspecified* |
| Power Budget Margin (W)  | NA           |
| Dynamic (W)              | 2.792        |
| Device Static (W)        | 0.718        |
| Effective TJA (C/W)      | 1.0          |
| Max Ambient (C)          | 96.6         |
| Junction Temperature (C) | 28.4         |
| Confidence Level         | Medium       |
| Setting File             | ---          |
| Simulation Activity File | ---          |
| Design Nets Matched      | NA           |
+--------------------------+--------------+
* Specify Design Power Budget using, set_operating_conditions -design_power_budget <value in Watts>


1.1 On-Chip Components
----------------------

+--------------------------+-----------+----------+-----------+-----------------+
| On-Chip                  | Power (W) | Used     | Available | Utilization (%) |
+--------------------------+-----------+----------+-----------+-----------------+
| Clocks                   |     0.037 |        6 |       --- |             --- |
| CLB Logic                |     0.009 |    19623 |       --- |             --- |
|   LUT as Logic           |     0.007 |     6620 |    230400 |            2.87 |
|   LUT as Shift Register  |     0.002 |      533 |    101760 |            0.52 |
|   Register               |    <0.001 |     8660 |    460800 |            1.88 |
|   CARRY8                 |    <0.001 |      190 |     28800 |            0.66 |
|   LUT as Distributed RAM |    <0.001 |       20 |    101760 |            0.02 |
|   Others                 |     0.000 |     1672 |       --- |             --- |
|   F7/F8 Muxes            |     0.000 |      313 |    230400 |            0.14 |
| Signals                  |     0.018 |    16749 |       --- |             --- |
| Block RAM                |     0.086 |    307.5 |       312 |           98.56 |
| MMCM                     |     0.000 |        0 |       --- |             --- |
| DSPs                     |     0.004 |        9 |      1728 |            0.52 |
| I/O                      |    <0.001 |        4 |       360 |            1.11 |
| PS8                      |     2.637 |        1 |       --- |             --- |
| Static Power             |     0.718 |          |           |                 |
|   PS Static              |     0.099 |          |           |                 |
|   PL Static              |     0.619 |          |           |                 |
| Total                    |     3.509 |          |           |                 |
+--------------------------+-----------+----------+-----------+-----------------+


1.2 Power Supply Summary
------------------------

+-----------------+-------------+-----------+-------------+------------+-------------+-------------+------------+
| Source          | Voltage (V) | Total (A) | Dynamic (A) | Static (A) | Powerup (A) | Budget (A)  | Margin (A) |
+-----------------+-------------+-----------+-------------+------------+-------------+-------------+------------+
| Vccint          |       0.850 |     0.333 |       0.178 |      0.154 |       NA    | Unspecified | NA         |
| Vccint_io       |       0.850 |     0.071 |       0.000 |      0.071 |       NA    | Unspecified | NA         |
| Vccbram         |       0.850 |     0.005 |       0.003 |      0.002 |       NA    | Unspecified | NA         |
| Vccaux          |       1.800 |     0.147 |       0.000 |      0.147 |       NA    | Unspecified | NA         |
| Vccaux_io       |       1.800 |     0.055 |       0.000 |      0.055 |       NA    | Unspecified | NA         |
| Vcco33          |       3.300 |     0.007 |       0.000 |      0.007 |       NA    | Unspecified | NA         |
| Vcco25          |       2.500 |     0.000 |       0.000 |      0.000 |       NA    | Unspecified | NA         |
| Vcco18          |       1.800 |     0.000 |       0.000 |      0.000 |       NA    | Unspecified | NA         |
| Vcco15          |       1.500 |     0.000 |       0.000 |      0.000 |       NA    | Unspecified | NA         |
| Vcco135         |       1.350 |     0.000 |       0.000 |      0.000 |       NA    | Unspecified | NA         |
| Vcco12          |       1.200 |     0.000 |       0.000 |      0.000 |       NA    | Unspecified | NA         |
| Vcco10          |       1.000 |     0.000 |       0.000 |      0.000 |       NA    | Unspecified | NA         |
| Vccadc          |       1.800 |     0.008 |       0.000 |      0.008 |       NA    | Unspecified | NA         |
| VCC_PSINTFP     |       0.850 |     1.045 |       1.010 |      0.035 |       NA    | Unspecified | NA         |
| VCC_PSINTLP     |       0.850 |     0.251 |       0.244 |      0.007 |       NA    | Unspecified | NA         |
| VPS_MGTRAVCC    |       0.850 |     0.139 |       0.138 |      0.001 |       NA    | Unspecified | NA         |
| VCC_PSINTFP_DDR |       0.850 |     0.719 |       0.714 |      0.004 |       NA    | Unspecified | NA         |
| VCC_PSPLL       |       1.200 |     0.071 |       0.069 |      0.002 |       NA    | Unspecified | NA         |
| VPS_MGTRAVTT    |       1.800 |     0.034 |       0.033 |      0.001 |       NA    | Unspecified | NA         |
| VCCO_PSDDR_504  |       1.200 |     0.620 |       0.586 |      0.034 |       NA    | Unspecified | NA         |
| VCC_PSAUX       |       1.800 |     0.002 |       0.000 |      0.002 |       NA    | Unspecified | NA         |
| VCC_PSBATT      |       1.200 |     0.000 |       0.000 |      0.000 |       NA    | Unspecified | NA         |
| VCC_PSDDR_PLL   |       1.800 |     0.001 |       0.000 |      0.001 |       NA    | Unspecified | NA         |
| VCCO_PSIO0_500  |       1.800 |     0.001 |       0.000 |      0.001 |       NA    | Unspecified | NA         |
| VCCO_PSIO1_501  |       1.800 |     0.001 |       0.000 |      0.001 |       NA    | Unspecified | NA         |
| VCCO_PSIO2_502  |       1.800 |     0.001 |       0.000 |      0.001 |       NA    | Unspecified | NA         |
| VCCO_PSIO3_503  |       3.300 |     0.001 |       0.000 |      0.001 |       NA    | Unspecified | NA         |
| VCC_PSADC       |       1.800 |     0.002 |       0.000 |      0.002 |       NA    | Unspecified | NA         |
| VCCINT_VCU      |       0.900 |     0.027 |       0.000 |      0.027 |       NA    | Unspecified | NA         |
| MGTAVcc         |       0.900 |     0.000 |       0.000 |      0.000 |       NA    | Unspecified | NA         |
| MGTAVtt         |       1.200 |     0.000 |       0.000 |      0.000 |       NA    | Unspecified | NA         |
| MGTVccaux       |       1.800 |     0.000 |       0.000 |      0.000 |       NA    | Unspecified | NA         |
+-----------------+-------------+-----------+-------------+------------+-------------+-------------+------------+


1.3 Confidence Level
--------------------

+-----------------------------+------------+------------------------------------------------+------------------------------------------------------------------------------------------------------------+
| User Input Data             | Confidence | Details                                        | Action                                                                                                     |
+-----------------------------+------------+------------------------------------------------+------------------------------------------------------------------------------------------------------------+
| Design implementation state | High       | Design is routed                               |                                                                                                            |
| Clock nodes activity        | High       | User specified more than 95% of clocks         |                                                                                                            |
| I/O nodes activity          | High       | User specified more than 95% of inputs         |                                                                                                            |
| Internal nodes activity     | Medium     | User specified less than 25% of internal nodes | Provide missing internal nodes activity with simulation results or by editing the "By Resource Type" views |
| Device models               | High       | Device models are Production                   |                                                                                                            |
|                             |            |                                                |                                                                                                            |
| Overall confidence level    | Medium     |                                                |                                                                                                            |
+-----------------------------+------------+------------------------------------------------+------------------------------------------------------------------------------------------------------------+


2. Settings
-----------

2.1 Environment
---------------

+-----------------------+--------------------------+
| Ambient Temp (C)      | 25.0                     |
| ThetaJA (C/W)         | 1.0                      |
| Airflow (LFM)         | 250                      |
| Heat Sink             | medium (Medium Profile)  |
| ThetaSA (C/W)         | 1.5                      |
| Board Selection       | medium (10"x10")         |
| # of Board Layers     | 12to15 (12 to 15 Layers) |
| Board Temperature (C) | 25.0                     |
+-----------------------+--------------------------+


2.2 Clock Constraints
---------------------

+-----------------------------------------------------------------------------------------------------+-------------------------------------------------------------------+-----------------+
| Clock                                                                                               | Domain                                                            | Constraint (ns) |
+-----------------------------------------------------------------------------------------------------+-------------------------------------------------------------------+-----------------+
| clk_out1_design_1_clk_wiz_0_0                                                                       | design_1_i/clk_wiz_0/inst/clk_out1_design_1_clk_wiz_0_0           |            13.5 |
| clk_pl_0                                                                                            | design_1_i/zynq_ultra_ps_e_0/inst/pl_clk0                         |            10.0 |
| clk_pl_0                                                                                            | design_1_i/zynq_ultra_ps_e_0/inst/pl_clk_unbuffered[0]            |            10.0 |
| dbg_hub/inst/BSCANID.u_xsdbm_id/SWITCH_N_EXT_BSCAN.bscan_inst/SERIES7_BSCAN.bscan_inst/INTERNAL_TCK | dbg_hub/inst/BSCANID.u_xsdbm_id/SWITCH_N_EXT_BSCAN.bscan_inst/in0 |            50.0 |
+-----------------------------------------------------------------------------------------------------+-------------------------------------------------------------------+-----------------+


3. Detailed Reports
-------------------

3.1 By Hierarchy
----------------

+--------------------------+-----------+
| Name                     | Power (W) |
+--------------------------+-----------+
| design_1_wrapper         |     2.792 |
|   dbg_hub                |     0.002 |
|     inst                 |     0.002 |
|       BSCANID.u_xsdbm_id |     0.002 |
|   design_1_i             |     2.789 |
|     axi_interconnect_0   |     0.005 |
|       s00_couplers       |     0.005 |
|     system_ila_0         |     0.015 |
|       inst               |     0.015 |
|     system_ila_1         |     0.051 |
|       inst               |     0.051 |
|     system_ila_2         |     0.049 |
|       inst               |     0.049 |
|     v_axi4s_vid_out_0    |     0.003 |
|       inst               |     0.003 |
|     v_tpg_0              |     0.027 |
|       inst               |     0.027 |
|     zynq_ultra_ps_e_0    |     2.638 |
|       inst               |     2.638 |
+--------------------------+-----------+


